#
# There is insufficient memory for the Java Runtime Environment to continue.
# Native memory allocation (malloc) failed to allocate 131088 bytes for Chunk::new
# Possible reasons:
#   The system is out of physical RAM or swap space
#   The process is running with CompressedOops enabled, and the Java Heap may be blocking the growth of the native heap
# Possible solutions:
#   Reduce memory load on the system
#   Increase physical memory or swap space
#   Check if swap backing store is full
#   Decrease Java heap size (-Xmx/-Xms)
#   Decrease number of Java threads
#   Decrease Java thread stack sizes (-Xss)
#   Set larger code cache with -XX:ReservedCodeCacheSize=
#   JVM is running with Unscaled Compressed Oops mode in which the Java heap is
#     placed in the first 4GB address space. The Java Heap base address is the
#     maximum limit for the native heap growth. Please use -XX:HeapBaseMinAddress
#     to set the Java Heap base and to place the Java Heap above 4GB virtual address.
# This output file may be truncated or incomplete.
#
#  Out of Memory Error (arena.cpp:191), pid=5428, tid=7312
#
# JRE version: OpenJDK Runtime Environment (17.0.10) (build 17.0.10+0--11572160)
# Java VM: OpenJDK 64-Bit Server VM (17.0.10+0--11572160, mixed mode, tiered, compressed oops, compressed class ptrs, g1 gc, windows-amd64)
# No core dump will be written. Minidumps are not enabled by default on client versions of Windows
#

---------------  S U M M A R Y ------------

Command Line: --add-opens=java.base/java.util=ALL-UNNAMED --add-opens=java.base/java.lang=ALL-UNNAMED --add-opens=java.base/java.lang.invoke=ALL-UNNAMED --add-opens=java.prefs/java.util.prefs=ALL-UNNAMED --add-opens=java.base/java.nio.charset=ALL-UNNAMED --add-opens=java.base/java.net=ALL-UNNAMED --add-opens=java.base/java.util.concurrent.atomic=ALL-UNNAMED -Xmx2048m -Dfile.encoding=UTF-8 -Duser.country=US -Duser.language=en -Duser.variant -javaagent:C:\Users\USER\.gradle\wrapper\dists\gradle-8.6-bin\afr5mpiioh2wthjmwnkmdsd5w\gradle-8.6\lib\agents\gradle-instrumentation-agent-8.6.jar org.gradle.launcher.daemon.bootstrap.GradleDaemon 8.6

Host: Intel(R) Core(TM) m5-6Y54 CPU @ 1.10GHz, 4 cores, 7G,  Windows 10 , 64 bit Build 19041 (10.0.19041.3636)
Time: Mon May 20 12:35:58 2024 E. Africa Standard Time elapsed time: 9.669898 seconds (0d 0h 0m 9s)

---------------  T H R E A D  ---------------

Current thread (0x000001f4e88d6130):  JavaThread "C2 CompilerThread0" daemon [_thread_in_native, id=7312, stack(0x000000bb11200000,0x000000bb11300000)]


Current CompileTask:
C2:   9670 3823       4       org.codehaus.groovy.reflection.CachedMethod::compareTo (25 bytes)

Stack: [0x000000bb11200000,0x000000bb11300000]
Native frames: (J=compiled Java code, j=interpreted, Vv=VM code, C=native code)
V  [jvm.dll+0x688e89]
V  [jvm.dll+0x84247a]
V  [jvm.dll+0x8440be]
V  [jvm.dll+0x844723]
V  [jvm.dll+0x24be0f]
V  [jvm.dll+0xac524]
V  [jvm.dll+0xacb6c]
V  [jvm.dll+0xac62b]
V  [jvm.dll+0x667569]
V  [jvm.dll+0x7a87c]
V  [jvm.dll+0x61b0c8]
V  [jvm.dll+0x619174]
V  [jvm.dll+0x21d918]
V  [jvm.dll+0x21cec1]
V  [jvm.dll+0x1a60ad]
V  [jvm.dll+0x22cd78]
V  [jvm.dll+0x22aeb0]
V  [jvm.dll+0x7f6917]
V  [jvm.dll+0x7f0d1a]
V  [jvm.dll+0x687d05]
C  [ucrtbase.dll+0x21bb2]
C  [KERNEL32.DLL+0x17344]
C  [ntdll.dll+0x526b1]


---------------  P R O C E S S  ---------------

Threads class SMR info:
_java_thread_list=0x000001f4efbb9350, length=33, elements={
0x000001f4cf06f620, 0x000001f4e863f6f0, 0x000001f4e8640ea0, 0x000001f4e88ce3b0,
0x000001f4e88cee80, 0x000001f4e88d1760, 0x000001f4e88d2030, 0x000001f4e88d6130,
0x000001f4e88d6af0, 0x000001f4e88e1be0, 0x000001f4e89c4660, 0x000001f4e8b4f070,
0x000001f4ee7ce6e0, 0x000001f4ee6ba070, 0x000001f4ee3860b0, 0x000001f4ee40b050,
0x000001f4ee03c440, 0x000001f4edc73e80, 0x000001f4edc74360, 0x000001f4ed32c780,
0x000001f4ed32d1a0, 0x000001f4ed32c270, 0x000001f4ed32d6b0, 0x000001f4eeb42a20,
0x000001f4eeb48030, 0x000001f4eeb43e60, 0x000001f4eeb44880, 0x000001f4eeb42f30,
0x000001f4eeb47100, 0x000001f4eeb46bf0, 0x000001f4eeb466e0, 0x000001f4eeb410d0,
0x000001f4eeb47610
}

Java Threads: ( => current thread )
  0x000001f4cf06f620 JavaThread "main" [_thread_blocked, id=6204, stack(0x000000bb10500000,0x000000bb10600000)]
  0x000001f4e863f6f0 JavaThread "Reference Handler" daemon [_thread_blocked, id=12916, stack(0x000000bb10c00000,0x000000bb10d00000)]
  0x000001f4e8640ea0 JavaThread "Finalizer" daemon [_thread_blocked, id=4376, stack(0x000000bb10d00000,0x000000bb10e00000)]
  0x000001f4e88ce3b0 JavaThread "Signal Dispatcher" daemon [_thread_blocked, id=6564, stack(0x000000bb10e00000,0x000000bb10f00000)]
  0x000001f4e88cee80 JavaThread "Attach Listener" daemon [_thread_blocked, id=13808, stack(0x000000bb10f00000,0x000000bb11000000)]
  0x000001f4e88d1760 JavaThread "Service Thread" daemon [_thread_blocked, id=11088, stack(0x000000bb11000000,0x000000bb11100000)]
  0x000001f4e88d2030 JavaThread "Monitor Deflation Thread" daemon [_thread_blocked, id=11320, stack(0x000000bb11100000,0x000000bb11200000)]
=>0x000001f4e88d6130 JavaThread "C2 CompilerThread0" daemon [_thread_in_native, id=7312, stack(0x000000bb11200000,0x000000bb11300000)]
  0x000001f4e88d6af0 JavaThread "C1 CompilerThread0" daemon [_thread_blocked, id=1912, stack(0x000000bb11300000,0x000000bb11400000)]
  0x000001f4e88e1be0 JavaThread "Sweeper thread" daemon [_thread_blocked, id=11800, stack(0x000000bb11400000,0x000000bb11500000)]
  0x000001f4e89c4660 JavaThread "Common-Cleaner" daemon [_thread_blocked, id=6032, stack(0x000000bb11500000,0x000000bb11600000)]
  0x000001f4e8b4f070 JavaThread "Notification Thread" daemon [_thread_blocked, id=11076, stack(0x000000bb11600000,0x000000bb11700000)]
  0x000001f4ee7ce6e0 JavaThread "Daemon health stats" [_thread_blocked, id=7580, stack(0x000000bb11b00000,0x000000bb11c00000)]
  0x000001f4ee6ba070 JavaThread "Incoming local TCP Connector on port 56767" [_thread_in_native, id=8632, stack(0x000000bb11c00000,0x000000bb11d00000)]
  0x000001f4ee3860b0 JavaThread "Daemon periodic checks" [_thread_blocked, id=4960, stack(0x000000bb11d00000,0x000000bb11e00000)]
  0x000001f4ee40b050 JavaThread "Daemon" [_thread_blocked, id=7120, stack(0x000000bb11e00000,0x000000bb11f00000)]
  0x000001f4ee03c440 JavaThread "Handler for socket connection from /127.0.0.1:56767 to /127.0.0.1:56768" [_thread_in_native, id=10816, stack(0x000000bb11f00000,0x000000bb12000000)]
  0x000001f4edc73e80 JavaThread "Cancel handler" [_thread_blocked, id=10668, stack(0x000000bb12000000,0x000000bb12100000)]
  0x000001f4edc74360 JavaThread "Daemon worker" [_thread_in_Java, id=7704, stack(0x000000bb12100000,0x000000bb12200000)]
  0x000001f4ed32c780 JavaThread "Asynchronous log dispatcher for DefaultDaemonConnection: socket connection from /127.0.0.1:56767 to /127.0.0.1:56768" [_thread_blocked, id=10308, stack(0x000000bb12200000,0x000000bb12300000)]
  0x000001f4ed32d1a0 JavaThread "Stdin handler" [_thread_blocked, id=6940, stack(0x000000bb12300000,0x000000bb12400000)]
  0x000001f4ed32c270 JavaThread "Daemon client event forwarder" [_thread_blocked, id=4064, stack(0x000000bb12400000,0x000000bb12500000)]
  0x000001f4ed32d6b0 JavaThread "Cache worker for journal cache (C:\Users\USER\.gradle\caches\journal-1)" [_thread_blocked, id=13204, stack(0x000000bb12500000,0x000000bb12600000)]
  0x000001f4eeb42a20 JavaThread "File lock request listener" [_thread_in_native, id=12936, stack(0x000000bb12600000,0x000000bb12700000)]
  0x000001f4eeb48030 JavaThread "Cache worker for file hash cache (C:\Users\USER\.gradle\caches\8.6\fileHashes)" [_thread_blocked, id=13032, stack(0x000000bb12700000,0x000000bb12800000)]
  0x000001f4eeb43e60 JavaThread "File watcher server" daemon [_thread_in_native, id=1904, stack(0x000000bb12800000,0x000000bb12900000)]
  0x000001f4eeb44880 JavaThread "File watcher consumer" daemon [_thread_blocked, id=10384, stack(0x000000bb12900000,0x000000bb12a00000)]
  0x000001f4eeb42f30 JavaThread "Cache worker for checksums cache (C:\Users\USER\AndroidStudioProjects\OD21-mobile-app-dev-SyncVision\OD21-mobile-app-dev-SyncVision\.gradle\8.6\checksums)" [_thread_blocked, id=9592, stack(0x000000bb12a00000,0x000000bb12b00000)]
  0x000001f4eeb47100 JavaThread "Cache worker for file hash cache (C:\Users\USER\AndroidStudioProjects\OD21-mobile-app-dev-SyncVision\OD21-mobile-app-dev-SyncVision\.gradle\8.6\fileHashes)" [_thread_blocked, id=9128, stack(0x000000bb12b00000,0x000000bb12c00000)]
  0x000001f4eeb46bf0 JavaThread "Cache worker for cache directory md-supplier (C:\Users\USER\.gradle\caches\8.6\md-supplier)" [_thread_blocked, id=12632, stack(0x000000bb12c00000,0x000000bb12d00000)]
  0x000001f4eeb466e0 JavaThread "Cache worker for cache directory md-rule (C:\Users\USER\.gradle\caches\8.6\md-rule)" [_thread_blocked, id=8320, stack(0x000000bb12d00000,0x000000bb12e00000)]
  0x000001f4eeb410d0 JavaThread "Cache worker for file content cache (C:\Users\USER\.gradle\caches\8.6\fileContent)" [_thread_blocked, id=13852, stack(0x000000bb12e00000,0x000000bb12f00000)]
  0x000001f4eeb47610 JavaThread "jar transforms" [_thread_blocked, id=11944, stack(0x000000bb12f00000,0x000000bb13000000)]

Other Threads:
  0x000001f4e863bba0 VMThread "VM Thread" [stack: 0x000000bb10b00000,0x000000bb10c00000] [id=5900]
  0x000001f4cf0704f0 WatcherThread [stack: 0x000000bb11700000,0x000000bb11800000] [id=11564]
  0x000001f4cf0c9c20 GCTaskThread "GC Thread#0" [stack: 0x000000bb10600000,0x000000bb10700000] [id=6612]
  0x000001f4ed0788b0 GCTaskThread "GC Thread#1" [stack: 0x000000bb11800000,0x000000bb11900000] [id=4452]
  0x000001f4ed078b70 GCTaskThread "GC Thread#2" [stack: 0x000000bb11900000,0x000000bb11a00000] [id=4588]
  0x000001f4ed0791f0 GCTaskThread "GC Thread#3" [stack: 0x000000bb11a00000,0x000000bb11b00000] [id=10536]
  0x000001f4cf0daa80 ConcurrentGCThread "G1 Main Marker" [stack: 0x000000bb10700000,0x000000bb10800000] [id=11836]
  0x000001f4cf0db3b0 ConcurrentGCThread "G1 Conc#0" [stack: 0x000000bb10800000,0x000000bb10900000] [id=7716]
  0x000001f4e84a24b0 ConcurrentGCThread "G1 Refine#0" [stack: 0x000000bb10900000,0x000000bb10a00000] [id=4348]
  0x000001f4e84a3d00 ConcurrentGCThread "G1 Service" [stack: 0x000000bb10a00000,0x000000bb10b00000] [id=3484]

Threads with active compile tasks:
C2 CompilerThread0     9733 3823       4       org.codehaus.groovy.reflection.CachedMethod::compareTo (25 bytes)

VM state: not at safepoint (normal execution)

VM Mutex/Monitor currently owned by a thread: None

Heap address: 0x0000000080000000, size: 2048 MB, Compressed Oops mode: 32-bit

CDS archive(s) not mapped
Compressed class space mapped at: 0x0000000100000000-0x0000000140000000, reserved size: 1073741824
Narrow klass base: 0x0000000000000000, Narrow klass shift: 3, Narrow klass range: 0x140000000

GC Precious Log:
 CPUs: 4 total, 4 available
 Memory: 8070M
 Large Page Support: Disabled
 NUMA Support: Disabled
 Compressed Oops: Enabled (32-bit)
 Heap Region Size: 1M
 Heap Min Capacity: 8M
 Heap Initial Capacity: 128M
 Heap Max Capacity: 2G
 Pre-touch: Disabled
 Parallel Workers: 4
 Concurrent Workers: 1
 Concurrent Refinement Workers: 4
 Periodic GC: Disabled

Heap:
 garbage-first heap   total 86016K, used 54340K [0x0000000080000000, 0x0000000100000000)
  region size 1024K, 29 young (29696K), 7 survivors (7168K)
 Metaspace       used 44411K, committed 44736K, reserved 1114112K
  class space    used 5888K, committed 6016K, reserved 1048576K

Heap Regions: E=young(eden), S=young(survivor), O=old, HS=humongous(starts), HC=humongous(continues), CS=collection set, F=free, OA=open archive, CA=closed archive, TAMS=top-at-mark-start (previous, next)
|   0|0x0000000080000000, 0x0000000080100000, 0x0000000080100000|100%| O|  |TAMS 0x0000000080100000, 0x0000000080000000| Untracked 
|   1|0x0000000080100000, 0x0000000080200000, 0x0000000080200000|100%| O|  |TAMS 0x0000000080200000, 0x0000000080100000| Untracked 
|   2|0x0000000080200000, 0x0000000080300000, 0x0000000080300000|100%|HS|  |TAMS 0x0000000080300000, 0x0000000080200000| Complete 
|   3|0x0000000080300000, 0x0000000080400000, 0x0000000080400000|100%|HC|  |TAMS 0x0000000080400000, 0x0000000080300000| Complete 
|   4|0x0000000080400000, 0x0000000080500000, 0x0000000080500000|100%|HC|  |TAMS 0x0000000080500000, 0x0000000080400000| Complete 
|   5|0x0000000080500000, 0x0000000080600000, 0x0000000080600000|100%|HC|  |TAMS 0x0000000080600000, 0x0000000080500000| Complete 
|   6|0x0000000080600000, 0x0000000080700000, 0x0000000080700000|100%| O|  |TAMS 0x0000000080700000, 0x0000000080600000| Untracked 
|   7|0x0000000080700000, 0x0000000080800000, 0x0000000080800000|100%| O|  |TAMS 0x0000000080800000, 0x0000000080700000| Untracked 
|   8|0x0000000080800000, 0x0000000080900000, 0x0000000080900000|100%| O|  |TAMS 0x0000000080900000, 0x0000000080800000| Untracked 
|   9|0x0000000080900000, 0x0000000080a00000, 0x0000000080a00000|100%| O|  |TAMS 0x0000000080a00000, 0x0000000080900000| Untracked 
|  10|0x0000000080a00000, 0x0000000080b00000, 0x0000000080b00000|100%| O|  |TAMS 0x0000000080a00000, 0x0000000080a00000| Untracked 
|  11|0x0000000080b00000, 0x0000000080c00000, 0x0000000080c00000|100%| O|  |TAMS 0x0000000080c00000, 0x0000000080b00000| Untracked 
|  12|0x0000000080c00000, 0x0000000080d00000, 0x0000000080d00000|100%| O|  |TAMS 0x0000000080d00000, 0x0000000080c00000| Untracked 
|  13|0x0000000080d00000, 0x0000000080e00000, 0x0000000080e00000|100%| O|  |TAMS 0x0000000080e00000, 0x0000000080d00000| Untracked 
|  14|0x0000000080e00000, 0x0000000080f00000, 0x0000000080f00000|100%| O|  |TAMS 0x0000000080f00000, 0x0000000080e00000| Untracked 
|  15|0x0000000080f00000, 0x0000000081000000, 0x0000000081000000|100%| O|  |TAMS 0x0000000081000000, 0x0000000080f00000| Untracked 
|  16|0x0000000081000000, 0x0000000081100000, 0x0000000081100000|100%| O|  |TAMS 0x0000000081100000, 0x0000000081000000| Untracked 
|  17|0x0000000081100000, 0x0000000081200000, 0x0000000081200000|100%| O|  |TAMS 0x0000000081200000, 0x0000000081100000| Untracked 
|  18|0x0000000081200000, 0x0000000081300000, 0x0000000081300000|100%| O|  |TAMS 0x0000000081300000, 0x0000000081200000| Untracked 
|  19|0x0000000081300000, 0x0000000081400000, 0x0000000081400000|100%| O|  |TAMS 0x0000000081400000, 0x0000000081300000| Untracked 
|  20|0x0000000081400000, 0x0000000081500000, 0x0000000081500000|100%| O|  |TAMS 0x00000000814f4a00, 0x0000000081400000| Untracked 
|  21|0x0000000081500000, 0x000000008159b000, 0x0000000081600000| 60%| O|  |TAMS 0x0000000081500000, 0x0000000081500000| Untracked 
|  22|0x0000000081600000, 0x0000000081700000, 0x0000000081700000|100%|HS|  |TAMS 0x0000000081600000, 0x0000000081600000| Complete 
|  23|0x0000000081700000, 0x0000000081800000, 0x0000000081800000|100%|HS|  |TAMS 0x0000000081700000, 0x0000000081700000| Complete 
|  24|0x0000000081800000, 0x0000000081900000, 0x0000000081900000|100%|HC|  |TAMS 0x0000000081800000, 0x0000000081800000| Complete 
|  25|0x0000000081900000, 0x0000000081a00000, 0x0000000081a00000|100%|HS|  |TAMS 0x0000000081900000, 0x0000000081900000| Complete 
|  26|0x0000000081a00000, 0x0000000081b00000, 0x0000000081b00000|100%|HC|  |TAMS 0x0000000081a00000, 0x0000000081a00000| Complete 
|  27|0x0000000081b00000, 0x0000000081b76058, 0x0000000081c00000| 46%| S|CS|TAMS 0x0000000081b00000, 0x0000000081b00000| Complete 
|  28|0x0000000081c00000, 0x0000000081d00000, 0x0000000081d00000|100%| S|CS|TAMS 0x0000000081c00000, 0x0000000081c00000| Complete 
|  29|0x0000000081d00000, 0x0000000081e00000, 0x0000000081e00000|100%| S|CS|TAMS 0x0000000081d00000, 0x0000000081d00000| Complete 
|  30|0x0000000081e00000, 0x0000000081f00000, 0x0000000081f00000|100%| S|CS|TAMS 0x0000000081e00000, 0x0000000081e00000| Complete 
|  31|0x0000000081f00000, 0x0000000082000000, 0x0000000082000000|100%| S|CS|TAMS 0x0000000081f00000, 0x0000000081f00000| Complete 
|  32|0x0000000082000000, 0x0000000082100000, 0x0000000082100000|100%| S|CS|TAMS 0x0000000082000000, 0x0000000082000000| Complete 
|  33|0x0000000082100000, 0x0000000082200000, 0x0000000082200000|100%| S|CS|TAMS 0x0000000082100000, 0x0000000082100000| Complete 
|  34|0x0000000082200000, 0x0000000082200000, 0x0000000082300000|  0%| F|  |TAMS 0x0000000082200000, 0x0000000082200000| Untracked 
|  35|0x0000000082300000, 0x0000000082300000, 0x0000000082400000|  0%| F|  |TAMS 0x0000000082300000, 0x0000000082300000| Untracked 
|  36|0x0000000082400000, 0x0000000082400000, 0x0000000082500000|  0%| F|  |TAMS 0x0000000082400000, 0x0000000082400000| Untracked 
|  37|0x0000000082500000, 0x0000000082500000, 0x0000000082600000|  0%| F|  |TAMS 0x0000000082500000, 0x0000000082500000| Untracked 
|  38|0x0000000082600000, 0x0000000082600000, 0x0000000082700000|  0%| F|  |TAMS 0x0000000082600000, 0x0000000082600000| Untracked 
|  39|0x0000000082700000, 0x0000000082700000, 0x0000000082800000|  0%| F|  |TAMS 0x0000000082700000, 0x0000000082700000| Untracked 
|  40|0x0000000082800000, 0x0000000082800000, 0x0000000082900000|  0%| F|  |TAMS 0x0000000082800000, 0x0000000082800000| Untracked 
|  41|0x0000000082900000, 0x0000000082900000, 0x0000000082a00000|  0%| F|  |TAMS 0x0000000082900000, 0x0000000082900000| Untracked 
|  42|0x0000000082a00000, 0x0000000082a00000, 0x0000000082b00000|  0%| F|  |TAMS 0x0000000082a00000, 0x0000000082a00000| Untracked 
|  43|0x0000000082b00000, 0x0000000082b00000, 0x0000000082c00000|  0%| F|  |TAMS 0x0000000082b00000, 0x0000000082b00000| Untracked 
|  44|0x0000000082c00000, 0x0000000082c00000, 0x0000000082d00000|  0%| F|  |TAMS 0x0000000082c00000, 0x0000000082c00000| Untracked 
|  45|0x0000000082d00000, 0x0000000082d00000, 0x0000000082e00000|  0%| F|  |TAMS 0x0000000082d00000, 0x0000000082d00000| Untracked 
|  46|0x0000000082e00000, 0x0000000082e00000, 0x0000000082f00000|  0%| F|  |TAMS 0x0000000082e00000, 0x0000000082e00000| Untracked 
|  47|0x0000000082f00000, 0x0000000082f00000, 0x0000000083000000|  0%| F|  |TAMS 0x0000000082f00000, 0x0000000082f00000| Untracked 
|  48|0x0000000083000000, 0x0000000083000000, 0x0000000083100000|  0%| F|  |TAMS 0x0000000083000000, 0x0000000083000000| Untracked 
|  49|0x0000000083100000, 0x0000000083100000, 0x0000000083200000|  0%| F|  |TAMS 0x0000000083100000, 0x0000000083100000| Untracked 
|  50|0x0000000083200000, 0x0000000083200000, 0x0000000083300000|  0%| F|  |TAMS 0x0000000083200000, 0x0000000083200000| Untracked 
|  51|0x0000000083300000, 0x0000000083300000, 0x0000000083400000|  0%| F|  |TAMS 0x0000000083300000, 0x0000000083300000| Untracked 
|  52|0x0000000083400000, 0x0000000083400000, 0x0000000083500000|  0%| F|  |TAMS 0x0000000083400000, 0x0000000083400000| Untracked 
|  53|0x0000000083500000, 0x0000000083500000, 0x0000000083600000|  0%| F|  |TAMS 0x0000000083500000, 0x0000000083500000| Untracked 
|  54|0x0000000083600000, 0x0000000083600000, 0x0000000083700000|  0%| F|  |TAMS 0x0000000083600000, 0x0000000083600000| Untracked 
|  55|0x0000000083700000, 0x0000000083700000, 0x0000000083800000|  0%| F|  |TAMS 0x0000000083700000, 0x0000000083700000| Untracked 
|  56|0x0000000083800000, 0x0000000083800000, 0x0000000083900000|  0%| F|  |TAMS 0x0000000083800000, 0x0000000083800000| Untracked 
|  57|0x0000000083900000, 0x0000000083900000, 0x0000000083a00000|  0%| F|  |TAMS 0x0000000083900000, 0x0000000083900000| Untracked 
|  58|0x0000000083a00000, 0x0000000083a00000, 0x0000000083b00000|  0%| F|  |TAMS 0x0000000083a00000, 0x0000000083a00000| Untracked 
|  59|0x0000000083b00000, 0x0000000083b00000, 0x0000000083c00000|  0%| F|  |TAMS 0x0000000083b00000, 0x0000000083b00000| Untracked 
|  60|0x0000000083c00000, 0x0000000083c00000, 0x0000000083d00000|  0%| F|  |TAMS 0x0000000083c00000, 0x0000000083c00000| Untracked 
|  61|0x0000000083d00000, 0x0000000083d00000, 0x0000000083e00000|  0%| F|  |TAMS 0x0000000083d00000, 0x0000000083d00000| Untracked 
|  62|0x0000000083e00000, 0x0000000083e80800, 0x0000000083f00000| 50%| E|  |TAMS 0x0000000083e00000, 0x0000000083e00000| Complete 
|  63|0x0000000083f00000, 0x0000000084000000, 0x0000000084000000|100%| E|CS|TAMS 0x0000000083f00000, 0x0000000083f00000| Complete 
|  64|0x0000000084000000, 0x0000000084100000, 0x0000000084100000|100%| E|CS|TAMS 0x0000000084000000, 0x0000000084000000| Complete 
|  65|0x0000000084100000, 0x0000000084200000, 0x0000000084200000|100%| E|CS|TAMS 0x0000000084100000, 0x0000000084100000| Complete 
|  66|0x0000000084200000, 0x0000000084300000, 0x0000000084300000|100%| E|CS|TAMS 0x0000000084200000, 0x0000000084200000| Complete 
|  67|0x0000000084300000, 0x0000000084400000, 0x0000000084400000|100%| E|CS|TAMS 0x0000000084300000, 0x0000000084300000| Complete 
|  68|0x0000000084400000, 0x0000000084500000, 0x0000000084500000|100%| E|CS|TAMS 0x0000000084400000, 0x0000000084400000| Complete 
|  69|0x0000000084500000, 0x0000000084600000, 0x0000000084600000|100%| E|CS|TAMS 0x0000000084500000, 0x0000000084500000| Complete 
|  70|0x0000000084600000, 0x0000000084700000, 0x0000000084700000|100%| E|CS|TAMS 0x0000000084600000, 0x0000000084600000| Complete 
|  71|0x0000000084700000, 0x0000000084800000, 0x0000000084800000|100%| E|CS|TAMS 0x0000000084700000, 0x0000000084700000| Complete 
|  72|0x0000000084800000, 0x0000000084900000, 0x0000000084900000|100%| E|CS|TAMS 0x0000000084800000, 0x0000000084800000| Complete 
|  73|0x0000000084900000, 0x0000000084a00000, 0x0000000084a00000|100%| E|CS|TAMS 0x0000000084900000, 0x0000000084900000| Complete 
|  74|0x0000000084a00000, 0x0000000084b00000, 0x0000000084b00000|100%| E|CS|TAMS 0x0000000084a00000, 0x0000000084a00000| Complete 
|  75|0x0000000084b00000, 0x0000000084c00000, 0x0000000084c00000|100%| E|CS|TAMS 0x0000000084b00000, 0x0000000084b00000| Complete 
|  76|0x0000000084c00000, 0x0000000084d00000, 0x0000000084d00000|100%| E|CS|TAMS 0x0000000084c00000, 0x0000000084c00000| Complete 
|  77|0x0000000084d00000, 0x0000000084e00000, 0x0000000084e00000|100%| E|CS|TAMS 0x0000000084d00000, 0x0000000084d00000| Complete 
|  78|0x0000000084e00000, 0x0000000084f00000, 0x0000000084f00000|100%| E|CS|TAMS 0x0000000084e00000, 0x0000000084e00000| Complete 
|  79|0x0000000084f00000, 0x0000000085000000, 0x0000000085000000|100%| E|CS|TAMS 0x0000000084f00000, 0x0000000084f00000| Complete 
|  80|0x0000000085000000, 0x0000000085100000, 0x0000000085100000|100%| E|CS|TAMS 0x0000000085000000, 0x0000000085000000| Complete 
|  81|0x0000000085100000, 0x0000000085200000, 0x0000000085200000|100%| E|  |TAMS 0x0000000085100000, 0x0000000085100000| Complete 
|  82|0x0000000085200000, 0x0000000085300000, 0x0000000085300000|100%| E|CS|TAMS 0x0000000085200000, 0x0000000085200000| Complete 
| 127|0x0000000087f00000, 0x0000000088000000, 0x0000000088000000|100%| E|CS|TAMS 0x0000000087f00000, 0x0000000087f00000| Complete 

Card table byte_map: [0x000001f4e1950000,0x000001f4e1d50000] _byte_map_base: 0x000001f4e1550000

Marking Bits (Prev, Next): (CMBitMap*) 0x000001f4cf0ca150, (CMBitMap*) 0x000001f4cf0ca190
 Prev Bits: [0x000001f4e2150000, 0x000001f4e4150000)
 Next Bits: [0x000001f4e4150000, 0x000001f4e6150000)

Polling page: 0x000001f4ce830000

Metaspace:

Usage:
  Non-class:     37.63 MB used.
      Class:      5.75 MB used.
       Both:     43.38 MB used.

Virtual space:
  Non-class space:       64.00 MB reserved,      37.81 MB ( 59%) committed,  1 nodes.
      Class space:        1.00 GB reserved,       5.88 MB ( <1%) committed,  1 nodes.
             Both:        1.06 GB reserved,      43.69 MB (  4%) committed. 

Chunk freelists:
   Non-Class:  10.19 MB
       Class:  10.07 MB
        Both:  20.26 MB

MaxMetaspaceSize: unlimited
CompressedClassSpaceSize: 1.00 GB
Initial GC threshold: 21.00 MB
Current GC threshold: 58.88 MB
CDS: off
MetaspaceReclaimPolicy: balanced
 - commit_granule_bytes: 65536.
 - commit_granule_words: 8192.
 - virtual_space_node_default_size: 8388608.
 - enlarge_chunks_in_place: 1.
 - new_chunks_are_fully_committed: 0.
 - uncommit_free_chunks: 1.
 - use_allocation_guard: 0.
 - handle_deallocations: 1.


Internal statistics:

num_allocs_failed_limit: 6.
num_arena_births: 338.
num_arena_deaths: 0.
num_vsnodes_births: 2.
num_vsnodes_deaths: 0.
num_space_committed: 699.
num_space_uncommitted: 0.
num_chunks_returned_to_freelist: 6.
num_chunks_taken_from_freelist: 1619.
num_chunk_merges: 6.
num_chunk_splits: 1078.
num_chunks_enlarged: 778.
num_inconsistent_stats: 0.

CodeHeap 'non-profiled nmethods': size=120000Kb used=1806Kb max_used=1806Kb free=118193Kb
 bounds [0x000001f4da020000, 0x000001f4da290000, 0x000001f4e1550000]
CodeHeap 'profiled nmethods': size=120000Kb used=8303Kb max_used=8303Kb free=111696Kb
 bounds [0x000001f4d2550000, 0x000001f4d2d70000, 0x000001f4d9a80000]
CodeHeap 'non-nmethods': size=5760Kb used=2286Kb max_used=2303Kb free=3473Kb
 bounds [0x000001f4d9a80000, 0x000001f4d9cf0000, 0x000001f4da020000]
 total_blobs=4690 nmethods=3896 adapters=706
 compilation: enabled
              stopped_count=0, restarted_count=0
 full_count=0

Compilation events (20 events):
Event: 9.638 Thread 0x000001f4e88d6af0 3901       3       org.gradle.internal.instantiation.generator.AsmBackedClassGenerator::propFieldName (8 bytes)
Event: 9.639 Thread 0x000001f4e88d6af0 nmethod 3901 0x000001f4d2d43210 code [0x000001f4d2d43420, 0x000001f4d2d43888]
Event: 9.639 Thread 0x000001f4e88d6af0 3897       3       org.gradle.internal.instantiation.generator.AbstractClassGenerator$MethodMetadata::shouldImplement (16 bytes)
Event: 9.639 Thread 0x000001f4e88d6af0 nmethod 3897 0x000001f4d2d43a90 code [0x000001f4d2d43c40, 0x000001f4d2d43e98]
Event: 9.639 Thread 0x000001f4e88d6af0 3902       3       org.gradle.internal.instantiation.generator.AsmBackedClassGenerator::propFieldName (25 bytes)
Event: 9.640 Thread 0x000001f4e88d6af0 nmethod 3902 0x000001f4d2d43f90 code [0x000001f4d2d441c0, 0x000001f4d2d44798]
Event: 9.640 Thread 0x000001f4e88d6af0 3898       3       org.gradle.internal.instantiation.generator.AbstractClassGenerator::hasPropertyType (8 bytes)
Event: 9.641 Thread 0x000001f4e88d6af0 nmethod 3898 0x000001f4d2d44990 code [0x000001f4d2d44bc0, 0x000001f4d2d453c8]
Event: 9.641 Thread 0x000001f4e88d6af0 3903       3       sun.reflect.generics.parser.SignatureParser::parseTypeArgument (135 bytes)
Event: 9.643 Thread 0x000001f4e88d6af0 nmethod 3903 0x000001f4d2d45690 code [0x000001f4d2d459c0, 0x000001f4d2d470e8]
Event: 9.644 Thread 0x000001f4e88d6af0 3904       3       java.lang.Class::getEnclosingMethodInfo (20 bytes)
Event: 9.645 Thread 0x000001f4e88d6af0 nmethod 3904 0x000001f4d2d47690 code [0x000001f4d2d47840, 0x000001f4d2d47a78]
Event: 9.652 Thread 0x000001f4e88d6af0 3906       3       java.lang.invoke.MethodHandleImpl::makePairwiseConvertByEditor (627 bytes)
Event: 9.660 Thread 0x000001f4e88d6af0 nmethod 3906 0x000001f4d2d47b90 code [0x000001f4d2d483c0, 0x000001f4d2d4d638]
Event: 9.660 Thread 0x000001f4e88d6af0 3907       2       java.lang.PublicMethods$MethodList::filter (104 bytes)
Event: 9.661 Thread 0x000001f4e88d6af0 nmethod 3907 0x000001f4d2d4f590 code [0x000001f4d2d4f760, 0x000001f4d2d4fc78]
Event: 9.661 Thread 0x000001f4e88d6af0 3905       3       java.lang.invoke.MethodHandleImpl::makePairwiseConvert (22 bytes)
Event: 9.661 Thread 0x000001f4e88d6af0 nmethod 3905 0x000001f4d2d50010 code [0x000001f4d2d501c0, 0x000001f4d2d503e8]
Event: 9.664 Thread 0x000001f4e88d6af0 3909       1       com.google.common.collect.MapMakerInternalMap$AbstractStrongKeyEntry::getHash (5 bytes)
Event: 9.664 Thread 0x000001f4e88d6af0 nmethod 3909 0x000001f4da1e3210 code [0x000001f4da1e33a0, 0x000001f4da1e3478]

GC Heap History (20 events):
Event: 0.929 GC heap before
{Heap before GC invocations=0 (full 0):
 garbage-first heap   total 131072K, used 12288K [0x0000000080000000, 0x0000000100000000)
  region size 1024K, 13 young (13312K), 0 survivors (0K)
 Metaspace       used 7663K, committed 7744K, reserved 1114112K
  class space    used 673K, committed 704K, reserved 1048576K
}
Event: 0.934 GC heap after
{Heap after GC invocations=1 (full 0):
 garbage-first heap   total 131072K, used 3293K [0x0000000080000000, 0x0000000100000000)
  region size 1024K, 2 young (2048K), 2 survivors (2048K)
 Metaspace       used 7663K, committed 7744K, reserved 1114112K
  class space    used 673K, committed 704K, reserved 1048576K
}
Event: 1.689 GC heap before
{Heap before GC invocations=1 (full 0):
 garbage-first heap   total 131072K, used 22749K [0x0000000080000000, 0x0000000100000000)
  region size 1024K, 18 young (18432K), 2 survivors (2048K)
 Metaspace       used 11353K, committed 11584K, reserved 1114112K
  class space    used 1194K, committed 1280K, reserved 1048576K
}
Event: 1.694 GC heap after
{Heap after GC invocations=2 (full 0):
 garbage-first heap   total 131072K, used 10848K [0x0000000080000000, 0x0000000100000000)
  region size 1024K, 3 young (3072K), 3 survivors (3072K)
 Metaspace       used 11353K, committed 11584K, reserved 1114112K
  class space    used 1194K, committed 1280K, reserved 1048576K
}
Event: 2.365 GC heap before
{Heap before GC invocations=2 (full 0):
 garbage-first heap   total 131072K, used 33376K [0x0000000080000000, 0x0000000100000000)
  region size 1024K, 25 young (25600K), 3 survivors (3072K)
 Metaspace       used 11438K, committed 11648K, reserved 1114112K
  class space    used 1195K, committed 1280K, reserved 1048576K
}
Event: 2.370 GC heap after
{Heap after GC invocations=3 (full 0):
 garbage-first heap   total 131072K, used 11393K [0x0000000080000000, 0x0000000100000000)
  region size 1024K, 1 young (1024K), 1 survivors (1024K)
 Metaspace       used 11438K, committed 11648K, reserved 1114112K
  class space    used 1195K, committed 1280K, reserved 1048576K
}
Event: 4.837 GC heap before
{Heap before GC invocations=3 (full 0):
 garbage-first heap   total 131072K, used 59521K [0x0000000080000000, 0x0000000100000000)
  region size 1024K, 49 young (50176K), 1 survivors (1024K)
 Metaspace       used 21274K, committed 21504K, reserved 1114112K
  class space    used 2501K, committed 2624K, reserved 1048576K
}
Event: 4.852 GC heap after
{Heap after GC invocations=4 (full 0):
 garbage-first heap   total 131072K, used 18805K [0x0000000080000000, 0x0000000100000000)
  region size 1024K, 8 young (8192K), 8 survivors (8192K)
 Metaspace       used 21274K, committed 21504K, reserved 1114112K
  class space    used 2501K, committed 2624K, reserved 1048576K
}
Event: 5.868 GC heap before
{Heap before GC invocations=5 (full 0):
 garbage-first heap   total 68608K, used 51573K [0x0000000080000000, 0x0000000100000000)
  region size 1024K, 40 young (40960K), 8 survivors (8192K)
 Metaspace       used 26312K, committed 26560K, reserved 1114112K
  class space    used 3377K, committed 3456K, reserved 1048576K
}
Event: 5.884 GC heap after
{Heap after GC invocations=6 (full 0):
 garbage-first heap   total 68608K, used 20694K [0x0000000080000000, 0x0000000100000000)
  region size 1024K, 2 young (2048K), 2 survivors (2048K)
 Metaspace       used 26312K, committed 26560K, reserved 1114112K
  class space    used 3377K, committed 3456K, reserved 1048576K
}
Event: 5.922 GC heap before
{Heap before GC invocations=6 (full 0):
 garbage-first heap   total 68608K, used 21718K [0x0000000080000000, 0x0000000100000000)
  region size 1024K, 3 young (3072K), 2 survivors (2048K)
 Metaspace       used 26520K, committed 26752K, reserved 1114112K
  class space    used 3408K, committed 3520K, reserved 1048576K
}
Event: 5.930 GC heap after
{Heap after GC invocations=7 (full 0):
 garbage-first heap   total 68608K, used 20652K [0x0000000080000000, 0x0000000100000000)
  region size 1024K, 1 young (1024K), 1 survivors (1024K)
 Metaspace       used 26520K, committed 26752K, reserved 1114112K
  class space    used 3408K, committed 3520K, reserved 1048576K
}
Event: 6.739 GC heap before
{Heap before GC invocations=7 (full 0):
 garbage-first heap   total 68608K, used 48300K [0x0000000080000000, 0x0000000100000000)
  region size 1024K, 28 young (28672K), 1 survivors (1024K)
 Metaspace       used 30217K, committed 30464K, reserved 1114112K
  class space    used 4052K, committed 4160K, reserved 1048576K
}
Event: 6.749 GC heap after
{Heap after GC invocations=8 (full 0):
 garbage-first heap   total 68608K, used 22145K [0x0000000080000000, 0x0000000100000000)
  region size 1024K, 2 young (2048K), 2 survivors (2048K)
 Metaspace       used 30217K, committed 30464K, reserved 1114112K
  class space    used 4052K, committed 4160K, reserved 1048576K
}
Event: 7.469 GC heap before
{Heap before GC invocations=8 (full 0):
 garbage-first heap   total 68608K, used 49793K [0x0000000080000000, 0x0000000100000000)
  region size 1024K, 30 young (30720K), 2 survivors (2048K)
 Metaspace       used 33689K, committed 34048K, reserved 1114112K
  class space    used 4613K, committed 4800K, reserved 1048576K
}
Event: 7.477 GC heap after
{Heap after GC invocations=9 (full 0):
 garbage-first heap   total 68608K, used 23329K [0x0000000080000000, 0x0000000100000000)
  region size 1024K, 3 young (3072K), 3 survivors (3072K)
 Metaspace       used 33689K, committed 34048K, reserved 1114112K
  class space    used 4613K, committed 4800K, reserved 1048576K
}
Event: 7.976 GC heap before
{Heap before GC invocations=9 (full 0):
 garbage-first heap   total 68608K, used 33569K [0x0000000080000000, 0x0000000100000000)
  region size 1024K, 15 young (15360K), 3 survivors (3072K)
 Metaspace       used 35797K, committed 36096K, reserved 1114112K
  class space    used 4903K, committed 5056K, reserved 1048576K
}
Event: 7.989 GC heap after
{Heap after GC invocations=10 (full 0):
 garbage-first heap   total 110592K, used 24131K [0x0000000080000000, 0x0000000100000000)
  region size 1024K, 2 young (2048K), 2 survivors (2048K)
 Metaspace       used 35797K, committed 36096K, reserved 1114112K
  class space    used 4903K, committed 5056K, reserved 1048576K
}
Event: 9.278 GC heap before
{Heap before GC invocations=11 (full 0):
 garbage-first heap   total 86016K, used 72259K [0x0000000080000000, 0x0000000100000000)
  region size 1024K, 50 young (51200K), 2 survivors (2048K)
 Metaspace       used 42636K, committed 42944K, reserved 1114112K
  class space    used 5699K, committed 5824K, reserved 1048576K
}
Event: 9.288 GC heap after
{Heap after GC invocations=12 (full 0):
 garbage-first heap   total 86016K, used 28740K [0x0000000080000000, 0x0000000100000000)
  region size 1024K, 7 young (7168K), 7 survivors (7168K)
 Metaspace       used 42636K, committed 42944K, reserved 1114112K
  class space    used 5699K, committed 5824K, reserved 1048576K
}

Dll operation events (3 events):
Event: 0.032 Loaded shared library C:\Program Files\Android\Android Studio1\jbr\bin\java.dll
Event: 0.262 Loaded shared library C:\Program Files\Android\Android Studio1\jbr\bin\zip.dll
Event: 0.946 Loaded shared library C:\Program Files\Android\Android Studio1\jbr\bin\verify.dll

Deoptimization events (20 events):
Event: 9.325 Thread 0x000001f4edc74360 Uncommon trap: trap_request=0xffffffde fr.pc=0x000001f4da1c122c relative=0x00000000000002ec
Event: 9.325 Thread 0x000001f4edc74360 Uncommon trap: reason=class_check action=maybe_recompile pc=0x000001f4da1c122c method=java.util.regex.Pattern$Start.match(Ljava/util/regex/Matcher;ILjava/lang/CharSequence;)Z @ 44 c2
Event: 9.325 Thread 0x000001f4edc74360 DEOPT PACKING pc=0x000001f4da1c122c sp=0x000000bb121f8ae0
Event: 9.325 Thread 0x000001f4edc74360 DEOPT UNPACKING pc=0x000001f4d9ad69a3 sp=0x000000bb121f8aa0 mode 2
Event: 9.476 Thread 0x000001f4edc74360 Uncommon trap: trap_request=0xffffffbe fr.pc=0x000001f4da1dd1e4 relative=0x0000000000000724
Event: 9.476 Thread 0x000001f4edc74360 Uncommon trap: reason=profile_predicate action=maybe_recompile pc=0x000001f4da1dd1e4 method=java.lang.PublicMethods$MethodList.filter([Ljava/lang/reflect/Method;Ljava/lang/String;[Ljava/lang/Class;Z)Ljava/lang/PublicMethods$MethodList; @ 21 c2
Event: 9.476 Thread 0x000001f4edc74360 DEOPT PACKING pc=0x000001f4da1dd1e4 sp=0x000000bb121f3f80
Event: 9.476 Thread 0x000001f4edc74360 DEOPT UNPACKING pc=0x000001f4d9ad69a3 sp=0x000000bb121f3f38 mode 2
Event: 9.478 Thread 0x000001f4edc74360 Uncommon trap: trap_request=0xffffffbe fr.pc=0x000001f4da1dd1e4 relative=0x0000000000000724
Event: 9.478 Thread 0x000001f4edc74360 Uncommon trap: reason=profile_predicate action=maybe_recompile pc=0x000001f4da1dd1e4 method=java.lang.PublicMethods$MethodList.filter([Ljava/lang/reflect/Method;Ljava/lang/String;[Ljava/lang/Class;Z)Ljava/lang/PublicMethods$MethodList; @ 21 c2
Event: 9.478 Thread 0x000001f4edc74360 DEOPT PACKING pc=0x000001f4da1dd1e4 sp=0x000000bb121f2810
Event: 9.478 Thread 0x000001f4edc74360 DEOPT UNPACKING pc=0x000001f4d9ad69a3 sp=0x000000bb121f27c8 mode 2
Event: 9.478 Thread 0x000001f4edc74360 Uncommon trap: trap_request=0xffffffbe fr.pc=0x000001f4da1dd1e4 relative=0x0000000000000724
Event: 9.478 Thread 0x000001f4edc74360 Uncommon trap: reason=profile_predicate action=maybe_recompile pc=0x000001f4da1dd1e4 method=java.lang.PublicMethods$MethodList.filter([Ljava/lang/reflect/Method;Ljava/lang/String;[Ljava/lang/Class;Z)Ljava/lang/PublicMethods$MethodList; @ 21 c2
Event: 9.478 Thread 0x000001f4edc74360 DEOPT PACKING pc=0x000001f4da1dd1e4 sp=0x000000bb121f27d0
Event: 9.478 Thread 0x000001f4edc74360 DEOPT UNPACKING pc=0x000001f4d9ad69a3 sp=0x000000bb121f2788 mode 2
Event: 9.478 Thread 0x000001f4edc74360 Uncommon trap: trap_request=0xffffffbe fr.pc=0x000001f4da1dd1e4 relative=0x0000000000000724
Event: 9.478 Thread 0x000001f4edc74360 Uncommon trap: reason=profile_predicate action=maybe_recompile pc=0x000001f4da1dd1e4 method=java.lang.PublicMethods$MethodList.filter([Ljava/lang/reflect/Method;Ljava/lang/String;[Ljava/lang/Class;Z)Ljava/lang/PublicMethods$MethodList; @ 21 c2
Event: 9.478 Thread 0x000001f4edc74360 DEOPT PACKING pc=0x000001f4da1dd1e4 sp=0x000000bb121f2810
Event: 9.478 Thread 0x000001f4edc74360 DEOPT UNPACKING pc=0x000001f4d9ad69a3 sp=0x000000bb121f27c8 mode 2

Classes unloaded (0 events):
No events

Classes redefined (0 events):
No events

Internal exceptions (20 events):
Event: 9.500 Thread 0x000001f4edc74360 Exception <a 'java/lang/ClassNotFoundException'{0x0000000084724b80}: org/gradle/api/internal/artifacts/dsl/DefaultRepositoryHandler_DecoratedBeanInfo> (0x0000000084724b80) 
thrown [s\src\hotspot\share\classfile\systemDictionary.cpp, line 256]
Event: 9.501 Thread 0x000001f4edc74360 Exception <a 'java/lang/ClassNotFoundException'{0x000000008473bbc8}: org/gradle/api/internal/artifacts/dsl/DefaultRepositoryHandlerBeanInfo> (0x000000008473bbc8) 
thrown [s\src\hotspot\share\classfile\systemDictionary.cpp, line 256]
Event: 9.502 Thread 0x000001f4edc74360 Exception <a 'java/lang/ClassNotFoundException'{0x0000000084752f00}: org/gradle/api/internal/artifacts/DefaultArtifactRepositoryContainerBeanInfo> (0x0000000084752f00) 
thrown [s\src\hotspot\share\classfile\systemDictionary.cpp, line 256]
Event: 9.503 Thread 0x000001f4edc74360 Exception <a 'java/lang/ClassNotFoundException'{0x0000000084766e70}: org/gradle/api/internal/DefaultNamedDomainObjectListBeanInfo> (0x0000000084766e70) 
thrown [s\src\hotspot\share\classfile\systemDictionary.cpp, line 256]
Event: 9.504 Thread 0x000001f4edc74360 Exception <a 'java/lang/ClassNotFoundException'{0x000000008477af38}: org/gradle/api/internal/DefaultNamedDomainObjectCollectionBeanInfo> (0x000000008477af38) 
thrown [s\src\hotspot\share\classfile\systemDictionary.cpp, line 256]
Event: 9.505 Thread 0x000001f4edc74360 Exception <a 'java/lang/ClassNotFoundException'{0x000000008478f160}: org/gradle/api/internal/DefaultDomainObjectCollectionBeanInfo> (0x000000008478f160) 
thrown [s\src\hotspot\share\classfile\systemDictionary.cpp, line 256]
Event: 9.506 Thread 0x000001f4edc74360 Exception <a 'java/lang/ClassNotFoundException'{0x0000000084795608}: java/util/AbstractCollectionBeanInfo> (0x0000000084795608) 
thrown [s\src\hotspot\share\classfile\systemDictionary.cpp, line 256]
Event: 9.506 Thread 0x000001f4edc74360 Exception <a 'java/lang/ClassNotFoundException'{0x000000008479bba0}: java/util/AbstractCollectionCustomizer> (0x000000008479bba0) 
thrown [s\src\hotspot\share\classfile\systemDictionary.cpp, line 256]
Event: 9.508 Thread 0x000001f4edc74360 Exception <a 'java/lang/ClassNotFoundException'{0x00000000847b9b88}: org/gradle/api/internal/DefaultDomainObjectCollectionCustomizer> (0x00000000847b9b88) 
thrown [s\src\hotspot\share\classfile\systemDictionary.cpp, line 256]
Event: 9.515 Thread 0x000001f4edc74360 Exception <a 'java/lang/ClassNotFoundException'{0x00000000847ee440}: org/gradle/api/internal/DefaultNamedDomainObjectCollectionCustomizer> (0x00000000847ee440) 
thrown [s\src\hotspot\share\classfile\systemDictionary.cpp, line 256]
Event: 9.519 Thread 0x000001f4edc74360 Exception <a 'java/lang/ClassNotFoundException'{0x0000000084630568}: org/gradle/api/internal/DefaultNamedDomainObjectListCustomizer> (0x0000000084630568) 
thrown [s\src\hotspot\share\classfile\systemDictionary.cpp, line 256]
Event: 9.522 Thread 0x000001f4edc74360 Exception <a 'java/lang/ClassNotFoundException'{0x00000000846651f0}: org/gradle/api/internal/artifacts/DefaultArtifactRepositoryContainerCustomizer> (0x00000000846651f0) 
thrown [s\src\hotspot\share\classfile\systemDictionary.cpp, line 256]
Event: 9.524 Thread 0x000001f4edc74360 Exception <a 'java/lang/ClassNotFoundException'{0x000000008468f058}: org/gradle/api/internal/artifacts/dsl/DefaultRepositoryHandlerCustomizer> (0x000000008468f058) 
thrown [s\src\hotspot\share\classfile\systemDictionary.cpp, line 256]
Event: 9.527 Thread 0x000001f4edc74360 Exception <a 'java/lang/ClassNotFoundException'{0x00000000846c72f0}: org/gradle/api/internal/artifacts/dsl/DefaultRepositoryHandler_DecoratedCustomizer> (0x00000000846c72f0) 
thrown [s\src\hotspot\share\classfile\systemDictionary.cpp, line 256]
Event: 9.660 Thread 0x000001f4edc74360 Exception <a 'java/lang/ClassNotFoundException'{0x00000000842ba780}: org/gradle/api/internal/artifacts/repositories/DefaultMavenArtifactRepository_DecoratedBeanInfo> (0x00000000842ba780) 
thrown [s\src\hotspot\share\classfile\systemDictionary.cpp, line 256]
Event: 9.662 Thread 0x000001f4edc74360 Exception <a 'java/lang/ClassNotFoundException'{0x00000000842d3dd0}: org/gradle/api/internal/artifacts/repositories/DefaultMavenArtifactRepositoryBeanInfo> (0x00000000842d3dd0) 
thrown [s\src\hotspot\share\classfile\systemDictionary.cpp, line 256]
Event: 9.664 Thread 0x000001f4edc74360 Exception <a 'java/lang/ClassNotFoundException'{0x00000000842ed7e0}: org/gradle/api/internal/artifacts/repositories/AbstractAuthenticationSupportedRepositoryBeanInfo> (0x00000000842ed7e0) 
thrown [s\src\hotspot\share\classfile\systemDictionary.cpp, line 256]
Event: 9.665 Thread 0x000001f4edc74360 Exception <a 'java/lang/ClassNotFoundException'{0x0000000084107800}: org/gradle/api/internal/artifacts/repositories/AbstractResolutionAwareArtifactRepositoryBeanInfo> (0x0000000084107800) 
thrown [s\src\hotspot\share\classfile\systemDictionary.cpp, line 256]
Event: 9.666 Thread 0x000001f4edc74360 Exception <a 'java/lang/ClassNotFoundException'{0x0000000084120e20}: org/gradle/api/internal/artifacts/repositories/AbstractArtifactRepositoryBeanInfo> (0x0000000084120e20) 
thrown [s\src\hotspot\share\classfile\systemDictionary.cpp, line 256]
Event: 9.667 Thread 0x000001f4edc74360 Exception <a 'java/lang/ClassNotFoundException'{0x000000008413a768}: org/gradle/api/internal/artifacts/repositories/AbstractArtifactRepositoryCustomizer> (0x000000008413a768) 
thrown [s\src\hotspot\share\classfile\systemDictionary.cpp, line 256]

VM Operations (20 events):
Event: 8.060 Executing VM operation: G1PauseCleanup
Event: 8.060 Executing VM operation: G1PauseCleanup done
Event: 8.412 Executing VM operation: HandshakeAllThreads
Event: 8.412 Executing VM operation: HandshakeAllThreads done
Event: 8.624 Executing VM operation: HandshakeAllThreads
Event: 8.624 Executing VM operation: HandshakeAllThreads done
Event: 8.642 Executing VM operation: HandshakeAllThreads
Event: 8.642 Executing VM operation: HandshakeAllThreads done
Event: 8.642 Executing VM operation: HandshakeAllThreads
Event: 8.642 Executing VM operation: HandshakeAllThreads done
Event: 8.649 Executing VM operation: HandshakeAllThreads
Event: 8.649 Executing VM operation: HandshakeAllThreads done
Event: 8.799 Executing VM operation: HandshakeAllThreads
Event: 8.799 Executing VM operation: HandshakeAllThreads done
Event: 8.921 Executing VM operation: ICBufferFull
Event: 8.921 Executing VM operation: ICBufferFull done
Event: 9.087 Executing VM operation: HandshakeAllThreads
Event: 9.087 Executing VM operation: HandshakeAllThreads done
Event: 9.278 Executing VM operation: G1CollectForAllocation
Event: 9.288 Executing VM operation: G1CollectForAllocation done

Events (20 events):
Event: 9.328 loading class com/sun/beans/finder/AbstractFinder done
Event: 9.328 loading class com/sun/beans/finder/MethodFinder done
Event: 9.328 loading class com/sun/beans/finder/MethodFinder$1
Event: 9.328 loading class com/sun/beans/finder/MethodFinder$1 done
Event: 9.328 loading class com/sun/beans/finder/FinderUtils
Event: 9.329 loading class com/sun/beans/finder/FinderUtils done
Event: 9.458 loading class java/util/function/IntBinaryOperator
Event: 9.458 loading class java/util/function/IntBinaryOperator done
Event: 9.505 loading class java/util/AbstractCollectionBeanInfo
Event: 9.505 loading class java/util/AbstractCollectionBeanInfo done
Event: 9.506 loading class java/util/AbstractCollectionBeanInfo
Event: 9.506 loading class java/util/AbstractCollectionBeanInfo done
Event: 9.506 loading class java/util/AbstractCollectionCustomizer
Event: 9.506 loading class java/util/AbstractCollectionCustomizer done
Event: 9.506 loading class java/util/AbstractCollectionCustomizer
Event: 9.506 loading class java/util/AbstractCollectionCustomizer done
Event: 9.506 loading class sun/reflect/generics/tree/BooleanSignature
Event: 9.506 loading class sun/reflect/generics/tree/BooleanSignature done
Event: 9.507 loading class sun/reflect/generics/reflectiveObjects/GenericArrayTypeImpl
Event: 9.507 loading class sun/reflect/generics/reflectiveObjects/GenericArrayTypeImpl done


Dynamic libraries:
0x00007ff7134f0000 - 0x00007ff7134fa000 	C:\Program Files\Android\Android Studio1\jbr\bin\java.exe
0x00007ff91db70000 - 0x00007ff91dd68000 	C:\WINDOWS\SYSTEM32\ntdll.dll
0x00007ff91bd40000 - 0x00007ff91bdfd000 	C:\WINDOWS\System32\KERNEL32.DLL
0x00007ff91b870000 - 0x00007ff91bb66000 	C:\WINDOWS\System32\KERNELBASE.dll
0x00007ff91b220000 - 0x00007ff91b320000 	C:\WINDOWS\System32\ucrtbase.dll
0x00007ff8b7240000 - 0x00007ff8b7257000 	C:\Program Files\Android\Android Studio1\jbr\bin\jli.dll
0x00007ff91bba0000 - 0x00007ff91bd3f000 	C:\WINDOWS\System32\USER32.dll
0x00007ff91bb70000 - 0x00007ff91bb92000 	C:\WINDOWS\System32\win32u.dll
0x00007ff91d320000 - 0x00007ff91d34b000 	C:\WINDOWS\System32\GDI32.dll
0x00007ff91b540000 - 0x00007ff91b657000 	C:\WINDOWS\System32\gdi32full.dll
0x00007ff91b430000 - 0x00007ff91b4cd000 	C:\WINDOWS\System32\msvcp_win.dll
0x00007ff906f10000 - 0x00007ff9071aa000 	C:\WINDOWS\WinSxS\amd64_microsoft.windows.common-controls_6595b64144ccf1df_6.0.19041.4355_none_60b8b9eb71f62e16\COMCTL32.dll
0x00007ff91d280000 - 0x00007ff91d31e000 	C:\WINDOWS\System32\msvcrt.dll
0x00007ff912ab0000 - 0x00007ff912acb000 	C:\Program Files\Android\Android Studio1\jbr\bin\VCRUNTIME140.dll
0x00007ff91d850000 - 0x00007ff91d882000 	C:\WINDOWS\System32\IMM32.DLL
0x00007ff913e10000 - 0x00007ff913e1c000 	C:\Program Files\Android\Android Studio1\jbr\bin\vcruntime140_1.dll
0x00007ff8fcd90000 - 0x00007ff8fce1d000 	C:\Program Files\Android\Android Studio1\jbr\bin\msvcp140.dll
0x00007ff8b7b10000 - 0x00007ff8b8793000 	C:\Program Files\Android\Android Studio1\jbr\bin\server\jvm.dll
0x00007ff91cea0000 - 0x00007ff91cf50000 	C:\WINDOWS\System32\ADVAPI32.dll
0x00007ff91c010000 - 0x00007ff91c0b0000 	C:\WINDOWS\System32\sechost.dll
0x00007ff91cf60000 - 0x00007ff91d083000 	C:\WINDOWS\System32\RPCRT4.dll
0x00007ff91b320000 - 0x00007ff91b347000 	C:\WINDOWS\System32\bcrypt.dll
0x00007ff8fd7a0000 - 0x00007ff8fd7a9000 	C:\WINDOWS\SYSTEM32\WSOCK32.dll
0x00007ff91ac60000 - 0x00007ff91acab000 	C:\WINDOWS\SYSTEM32\POWRPROF.dll
0x00007ff91cc90000 - 0x00007ff91ccfb000 	C:\WINDOWS\System32\WS2_32.dll
0x00007ff9023a0000 - 0x00007ff9023c7000 	C:\WINDOWS\SYSTEM32\WINMM.dll
0x00007ff9093a0000 - 0x00007ff9093aa000 	C:\WINDOWS\SYSTEM32\VERSION.dll
0x00007ff91ac00000 - 0x00007ff91ac12000 	C:\WINDOWS\SYSTEM32\UMPDC.dll
0x00007ff919a30000 - 0x00007ff919a42000 	C:\WINDOWS\SYSTEM32\kernel.appcore.dll
0x00007ff8b8da0000 - 0x00007ff8b8daa000 	C:\Program Files\Android\Android Studio1\jbr\bin\jimage.dll
0x00007ff919740000 - 0x00007ff919924000 	C:\WINDOWS\SYSTEM32\DBGHELP.DLL
0x00007ff8f3820000 - 0x00007ff8f3854000 	C:\WINDOWS\SYSTEM32\dbgcore.DLL
0x00007ff91b350000 - 0x00007ff91b3d2000 	C:\WINDOWS\System32\bcryptPrimitives.dll
0x00007ff8b7260000 - 0x00007ff8b726e000 	C:\Program Files\Android\Android Studio1\jbr\bin\instrument.dll
0x00007ff8b7ae0000 - 0x00007ff8b7b05000 	C:\Program Files\Android\Android Studio1\jbr\bin\java.dll
0x00007ff8b7ac0000 - 0x00007ff8b7ad8000 	C:\Program Files\Android\Android Studio1\jbr\bin\zip.dll
0x00007ff91c410000 - 0x00007ff91cb7b000 	C:\WINDOWS\System32\SHELL32.dll
0x00007ff918ed0000 - 0x00007ff91966d000 	C:\WINDOWS\SYSTEM32\windows.storage.dll
0x00007ff91c0b0000 - 0x00007ff91c403000 	C:\WINDOWS\System32\combase.dll
0x00007ff91abd0000 - 0x00007ff91abfe000 	C:\WINDOWS\SYSTEM32\Wldp.dll
0x00007ff91da60000 - 0x00007ff91db2d000 	C:\WINDOWS\System32\OLEAUT32.dll
0x00007ff91cb80000 - 0x00007ff91cc2d000 	C:\WINDOWS\System32\SHCORE.dll
0x00007ff91d170000 - 0x00007ff91d1c5000 	C:\WINDOWS\System32\shlwapi.dll
0x00007ff91b150000 - 0x00007ff91b174000 	C:\WINDOWS\SYSTEM32\profapi.dll
0x00007ff8b7aa0000 - 0x00007ff8b7ab9000 	C:\Program Files\Android\Android Studio1\jbr\bin\net.dll
0x00007ff90bd80000 - 0x00007ff90be8a000 	C:\WINDOWS\SYSTEM32\WINHTTP.dll
0x00007ff91a930000 - 0x00007ff91a99a000 	C:\WINDOWS\system32\mswsock.dll
0x00007ff8b7a80000 - 0x00007ff8b7a96000 	C:\Program Files\Android\Android Studio1\jbr\bin\nio.dll
0x00007ff8b75d0000 - 0x00007ff8b75e0000 	C:\Program Files\Android\Android Studio1\jbr\bin\verify.dll
0x00007ff916800000 - 0x00007ff916827000 	C:\Users\USER\.gradle\native\c067742578af261105cb4f569cf0c3c89f3d7b1fecec35dd04571415982c5e48\windows-amd64\native-platform.dll
0x00007ff8da4f0000 - 0x00007ff8da634000 	C:\Users\USER\.gradle\native\38dada09dfb8b06ba9b0570ebf7e218e3eb74d4ef43ca46872605cf95ebc2f47\windows-amd64\native-platform-file-events.dll
0x00007ff8b7280000 - 0x00007ff8b7289000 	C:\Program Files\Android\Android Studio1\jbr\bin\management.dll
0x00007ff8b7270000 - 0x00007ff8b727b000 	C:\Program Files\Android\Android Studio1\jbr\bin\management_ext.dll
0x00007ff91bee0000 - 0x00007ff91bee8000 	C:\WINDOWS\System32\PSAPI.DLL
0x00007ff91ab20000 - 0x00007ff91ab38000 	C:\WINDOWS\SYSTEM32\CRYPTSP.dll
0x00007ff91a1f0000 - 0x00007ff91a224000 	C:\WINDOWS\system32\rsaenh.dll
0x00007ff91b100000 - 0x00007ff91b12e000 	C:\WINDOWS\SYSTEM32\USERENV.dll
0x00007ff91ab40000 - 0x00007ff91ab4c000 	C:\WINDOWS\SYSTEM32\CRYPTBASE.dll
0x00007ff91a5b0000 - 0x00007ff91a5eb000 	C:\WINDOWS\SYSTEM32\IPHLPAPI.DLL
0x00007ff91cf50000 - 0x00007ff91cf58000 	C:\WINDOWS\System32\NSI.dll
0x00007ff90c060000 - 0x00007ff90c077000 	C:\WINDOWS\SYSTEM32\dhcpcsvc6.DLL
0x00007ff90c8f0000 - 0x00007ff90c90d000 	C:\WINDOWS\SYSTEM32\dhcpcsvc.DLL
0x00007ff91a650000 - 0x00007ff91a71b000 	C:\WINDOWS\SYSTEM32\DNSAPI.dll
0x00007ff8b7440000 - 0x00007ff8b7449000 	C:\Program Files\Android\Android Studio1\jbr\bin\extnet.dll
0x00007ff8b7450000 - 0x00007ff8b7457000 	C:\WINDOWS\system32\wshunix.dll

dbghelp: loaded successfully - version: 4.0.5 - missing functions: none
symbol engine: initialized successfully - sym options: 0x614 - pdb path: .;C:\Program Files\Android\Android Studio1\jbr\bin;C:\WINDOWS\SYSTEM32;C:\WINDOWS\WinSxS\amd64_microsoft.windows.common-controls_6595b64144ccf1df_6.0.19041.4355_none_60b8b9eb71f62e16;C:\Program Files\Android\Android Studio1\jbr\bin\server;C:\Users\USER\.gradle\native\c067742578af261105cb4f569cf0c3c89f3d7b1fecec35dd04571415982c5e48\windows-amd64;C:\Users\USER\.gradle\native\38dada09dfb8b06ba9b0570ebf7e218e3eb74d4ef43ca46872605cf95ebc2f47\windows-amd64

VM Arguments:
jvm_args: --add-opens=java.base/java.util=ALL-UNNAMED --add-opens=java.base/java.lang=ALL-UNNAMED --add-opens=java.base/java.lang.invoke=ALL-UNNAMED --add-opens=java.prefs/java.util.prefs=ALL-UNNAMED --add-opens=java.base/java.nio.charset=ALL-UNNAMED --add-opens=java.base/java.net=ALL-UNNAMED --add-opens=java.base/java.util.concurrent.atomic=ALL-UNNAMED -Xmx2048m -Dfile.encoding=UTF-8 -Duser.country=US -Duser.language=en -Duser.variant -javaagent:C:\Users\USER\.gradle\wrapper\dists\gradle-8.6-bin\afr5mpiioh2wthjmwnkmdsd5w\gradle-8.6\lib\agents\gradle-instrumentation-agent-8.6.jar 
java_command: org.gradle.launcher.daemon.bootstrap.GradleDaemon 8.6
java_class_path (initial): C:\Users\USER\.gradle\wrapper\dists\gradle-8.6-bin\afr5mpiioh2wthjmwnkmdsd5w\gradle-8.6\lib\gradle-launcher-8.6.jar
Launcher Type: SUN_STANDARD

[Global flags]
     intx CICompilerCount                          = 3                                         {product} {ergonomic}
     uint ConcGCThreads                            = 1                                         {product} {ergonomic}
     uint G1ConcRefinementThreads                  = 4                                         {product} {ergonomic}
   size_t G1HeapRegionSize                         = 1048576                                   {product} {ergonomic}
    uintx GCDrainStackTargetSize                   = 64                                        {product} {ergonomic}
   size_t InitialHeapSize                          = 134217728                                 {product} {ergonomic}
   size_t MarkStackSize                            = 4194304                                   {product} {ergonomic}
   size_t MaxHeapSize                              = 2147483648                                {product} {command line}
   size_t MaxNewSize                               = 1287651328                                {product} {ergonomic}
   size_t MinHeapDeltaBytes                        = 1048576                                   {product} {ergonomic}
   size_t MinHeapSize                              = 8388608                                   {product} {ergonomic}
    uintx NonNMethodCodeHeapSize                   = 5832780                                {pd product} {ergonomic}
    uintx NonProfiledCodeHeapSize                  = 122912730                              {pd product} {ergonomic}
    uintx ProfiledCodeHeapSize                     = 122912730                              {pd product} {ergonomic}
    uintx ReservedCodeCacheSize                    = 251658240                              {pd product} {ergonomic}
     bool SegmentedCodeCache                       = true                                      {product} {ergonomic}
   size_t SoftMaxHeapSize                          = 2147483648                             {manageable} {ergonomic}
     bool UseCompressedClassPointers               = true                           {product lp64_product} {ergonomic}
     bool UseCompressedOops                        = true                           {product lp64_product} {ergonomic}
     bool UseG1GC                                  = true                                      {product} {ergonomic}
     bool UseLargePagesIndividualAllocation        = false                                  {pd product} {ergonomic}

Logging:
Log output configuration:
 #0: stdout all=warning uptime,level,tags
 #1: stderr all=off uptime,level,tags

Environment Variables:
PATH=C:\Program Files\Common Files\Oracle\Java\javapath;C:\WINDOWS\system32;C:\WINDOWS;C:\WINDOWS\System32\Wbem;C:\WINDOWS\System32\WindowsPowerShell\v1.0\;C:\WINDOWS\System32\OpenSSH\;C:\Program Files (x86)\Intel\Intel(R) Management Engine Components\DAL;C:\Program Files\Intel\Intel(R) Management Engine Components\DAL;C:\Users\USER\OneDrive\Desktop\MathWorks MATLAB R2021a v9.10.0.1602886 - CrackzSoft\runtime\win64;C:\Users\USER\OneDrive\Desktop\MathWorks MATLAB R2021a v9.10.0.1602886 - CrackzSoft\polyspace\bin;C:\Users\USER\OneDrive\Desktop\MathWorks MATLAB R2021a v9.10.0.1602886 - CrackzSoft\bin;C:\xampp\php;C:\Dev-Cpp\bin;C:\Program Files\Git\cmd;C:\Users\USER\AppData\Local\Microsoft\WindowsApps;C:\Dev-Cpp\bin;C:\Program Files\JetBrains\PyCharm Community Edition 2023.3.3\bin;;C:\Users\USER\AppData\Local\Programs\Microsoft VS Code\bin
USERNAME=PHENOM
OS=Windows_NT
PROCESSOR_IDENTIFIER=Intel64 Family 6 Model 78 Stepping 3, GenuineIntel
TMP=C:\Users\USER\AppData\Local\Temp
TEMP=C:\Users\USER\AppData\Local\Temp



Periodic native trim disabled

JNI global refs:
JNI global refs: 24, weak refs: 2

JNI global refs memory usage: 843, weak refs: 841

OOME stack traces (most recent first):
Classloader memory used:
Loader org.gradle.internal.classloader.VisitableURLClassLoader                         : 2675K
Loader bootstrap                                                                       : 2304K
Loader org.gradle.initialization.MixInLegacyTypesClassLoader                           : 474K
Loader jdk.internal.loader.ClassLoaders$PlatformClassLoader                            : 65806B
Loader jdk.internal.loader.ClassLoaders$AppClassLoader                                 : 28729B
Loader org.gradle.groovy.scripts.internal.DefaultScriptCompilationHandler$ScriptClassLoader: 5478B
Loader jdk.internal.reflect.DelegatingClassLoader                                      : 4410B

Classes loaded by more than one classloader:
Class org.gradle.internal.installation.GradleInstallation                             : loaded 2 times (x 73B)
Class org.gradle.internal.classpath.ClassPath                                         : loaded 2 times (x 68B)
Class org.gradle.api.internal.classpath.DefaultModuleRegistry                         : loaded 2 times (x 84B)
Class org.gradle.api.Action                                                           : loaded 2 times (x 68B)
Class org.gradle.api.internal.DefaultClassPathProvider                                : loaded 2 times (x 74B)
Class org.gradle.internal.installation.GradleInstallation$1                           : loaded 2 times (x 73B)
Class org.gradle.internal.classloader.FilteringClassLoader                            : loaded 2 times (x 103B)
Class org.gradle.internal.classpath.DefaultClassPath$ImmutableUniqueList$Builder      : loaded 2 times (x 73B)
Class org.gradle.internal.classloader.ClassLoaderVisitor                              : loaded 2 times (x 74B)
Class org.gradle.internal.service.DefaultServiceLocator                               : loaded 2 times (x 81B)
Class org.gradle.internal.service.UnknownServiceException                             : loaded 2 times (x 81B)
Class org.gradle.internal.classloader.DefaultClassLoaderFactory                       : loaded 2 times (x 80B)
Class org.gradle.internal.classloader.VisitableURLClassLoader$Spec                    : loaded 2 times (x 72B)
Class org.gradle.api.GradleException                                                  : loaded 2 times (x 80B)
Class org.gradle.api.internal.classpath.ModuleRegistry                                : loaded 2 times (x 68B)
Class org.gradle.api.internal.ClassPathProvider                                       : loaded 2 times (x 68B)
Class org.gradle.internal.classloader.ClasspathUtil$1                                 : loaded 2 times (x 74B)
Class org.gradle.internal.classloader.ClassLoaderFactory                              : loaded 2 times (x 68B)
Class org.gradle.api.internal.classpath.ManifestUtil                                  : loaded 2 times (x 69B)
Class org.gradle.api.specs.Spec                                                       : loaded 2 times (x 68B)
Class org.gradle.internal.IoActions                                                   : loaded 2 times (x 69B)
Class org.gradle.api.internal.classpath.EffectiveClassPath                            : loaded 2 times (x 88B)
Class org.gradle.internal.installation.CurrentGradleInstallation                      : loaded 2 times (x 71B)
Class org.gradle.internal.agents.InstrumentingClassLoader                             : loaded 2 times (x 68B)
Class org.gradle.internal.installation.CurrentGradleInstallationLocator               : loaded 2 times (x 69B)
Class org.gradle.api.internal.classpath.Module                                        : loaded 2 times (x 68B)
Class org.gradle.internal.service.CachingServiceLocator                               : loaded 2 times (x 80B)
Class org.gradle.internal.classpath.DefaultClassPath                                  : loaded 2 times (x 88B)
Class org.gradle.internal.classloader.SystemClassLoaderSpec                           : loaded 2 times (x 69B)
Class org.gradle.api.UncheckedIOException                                             : loaded 2 times (x 80B)
Class settings_b2zbo1qppvhrw8n2tbnehm093                                              : loaded 2 times (x 177B)
Class org.gradle.internal.classloader.ClasspathUtil                                   : loaded 2 times (x 69B)
Class org.gradle.api.internal.DefaultClassPathRegistry                                : loaded 2 times (x 74B)
Class org.gradle.api.internal.classpath.DefaultModuleRegistry$DefaultModule           : loaded 2 times (x 84B)
Class org.gradle.api.internal.classpath.UnknownModuleException                        : loaded 2 times (x 80B)
Class org.gradle.internal.service.ServiceLookupException                              : loaded 2 times (x 80B)
Class org.gradle.cache.GlobalCache                                                    : loaded 2 times (x 68B)
Class [Lorg.gradle.api.internal.ClassPathProvider;                                    : loaded 2 times (x 67B)
Class org.gradle.util.internal.GUtil                                                  : loaded 2 times (x 69B)
Class org.gradle.internal.classloader.ClassLoaderSpec                                 : loaded 2 times (x 69B)
Class org.gradle.internal.classloader.VisitableURLClassLoader                         : loaded 2 times (x 115B)
Class org.gradle.internal.Cast                                                        : loaded 2 times (x 69B)
Class org.gradle.api.internal.ClassPathRegistry                                       : loaded 2 times (x 68B)
Class org.gradle.internal.classloader.VisitableURLClassLoader$InstrumentingVisitableURLClassLoader: loaded 2 times (x 121B)
Class org.gradle.internal.classloader.ClassLoaderHierarchy                            : loaded 2 times (x 68B)
Class org.gradle.internal.InternalTransformer                                         : loaded 2 times (x 68B)
Class org.gradle.internal.service.ServiceLocator                                      : loaded 2 times (x 68B)
Class org.gradle.internal.classpath.DefaultClassPath$ImmutableUniqueList              : loaded 2 times (x 159B)
Class org.gradle.internal.classpath.TransformedClassPath                              : loaded 2 times (x 94B)


---------------  S Y S T E M  ---------------

OS:
 Windows 10 , 64 bit Build 19041 (10.0.19041.3636)
OS uptime: 0 days 1:08 hours

CPU: total 4 (initial active 4) (2 cores per cpu, 2 threads per core) family 6 model 78 stepping 3 microcode 0xf0, cx8, cmov, fxsr, ht, mmx, 3dnowpref, sse, sse2, sse3, ssse3, sse4.1, sse4.2, popcnt, lzcnt, tsc, tscinvbit, avx, avx2, aes, erms, clmul, bmi1, bmi2, adx, fma, vzeroupper, clflush, clflushopt
Processor Information for all 4 processors :
  Max Mhz: 1512, Current Mhz: 1108, Mhz Limit: 1103

Memory: 4k page, system-wide physical 8070M (69M free)
TotalPageFile size 8070M (AvailPageFile size 1M)
current process WorkingSet (physical memory assigned to process): 222M, peak: 222M
current process commit charge ("private bytes"): 249M, peak: 261M

vm_info: OpenJDK 64-Bit Server VM (17.0.10+0--11572160) for windows-amd64 JRE (17.0.10+0--11572160), built on Mar 13 2024 23:56:38 by "androidbuild" with MS VC++ 16.10 / 16.11 (VS2019)

END.
