2024-05-24T10:15:56.013+0300 [DEBUG] [org.gradle.launcher.daemon.bootstrap.DaemonMain] Assuming the daemon was started with following jvm opts: [--add-opens=java.base/java.util=ALL-UNNAMED, --add-opens=java.base/java.lang=ALL-UNNAMED, --add-opens=java.base/java.lang.invoke=ALL-UNNAMED, --add-opens=java.prefs/java.util.prefs=ALL-UNNAMED, --add-opens=java.base/java.nio.charset=ALL-UNNAMED, --add-opens=java.base/java.net=ALL-UNNAMED, --add-opens=java.base/java.util.concurrent.atomic=ALL-UNNAMED, -Xmx2048m, -Dfile.encoding=UTF-8, -Duser.country=US, -Duser.language=en, -Duser.variant]
2024-05-24T10:15:56.259+0300 [DEBUG] [org.gradle.internal.nativeintegration.services.NativeServices] Native-platform posix files integration is not available. Continuing with fallback.
2024-05-24T10:15:56.290+0300 [INFO] [org.gradle.launcher.daemon.server.Daemon] start() called on daemon - DefaultDaemonContext[uid=400efe23-c5c9-45ef-8493-bfe991d79b2e,javaHome=C:\Program Files\Android\Android Studio\jbr,daemonRegistryDir=C:\Users\zantr\AndroidStudioProjects\OD21-mobile-app-dev-SyncVision\daemon,pid=7376,idleTimeout=10800000,priority=NORMAL,applyInstrumentationAgent=true,daemonOpts=--add-opens=java.base/java.util=ALL-UNNAMED,--add-opens=java.base/java.lang=ALL-UNNAMED,--add-opens=java.base/java.lang.invoke=ALL-UNNAMED,--add-opens=java.prefs/java.util.prefs=ALL-UNNAMED,--add-opens=java.base/java.nio.charset=ALL-UNNAMED,--add-opens=java.base/java.net=ALL-UNNAMED,--add-opens=java.base/java.util.concurrent.atomic=ALL-UNNAMED,-Xmx2048m,-Dfile.encoding=UTF-8,-Duser.country=US,-Duser.language=en,-Duser.variant]
2024-05-24T10:15:56.608+0300 [DEBUG] [org.gradle.internal.remote.internal.inet.InetAddresses] Adding IP addresses for network interface Software Loopback Interface 1
2024-05-24T10:15:56.611+0300 [DEBUG] [org.gradle.internal.remote.internal.inet.InetAddresses] Is this a loopback interface? true
2024-05-24T10:15:56.612+0300 [DEBUG] [org.gradle.internal.remote.internal.inet.InetAddresses] Adding loopback address /127.0.0.1
2024-05-24T10:15:56.612+0300 [DEBUG] [org.gradle.internal.remote.internal.inet.InetAddresses] Adding loopback address /0:0:0:0:0:0:0:1
2024-05-24T10:15:56.613+0300 [DEBUG] [org.gradle.internal.remote.internal.inet.InetAddresses] Adding IP addresses for network interface WAN Miniport (IP)
2024-05-24T10:15:56.617+0300 [DEBUG] [org.gradle.internal.remote.internal.inet.InetAddresses] Is this a loopback interface? false
2024-05-24T10:15:56.618+0300 [DEBUG] [org.gradle.internal.remote.internal.inet.InetAddresses] Adding IP addresses for network interface Microsoft 6to4 Adapter
2024-05-24T10:15:56.621+0300 [DEBUG] [org.gradle.internal.remote.internal.inet.InetAddresses] Is this a loopback interface? false
2024-05-24T10:15:56.621+0300 [DEBUG] [org.gradle.internal.remote.internal.inet.InetAddresses] Adding IP addresses for network interface WAN Miniport (SSTP)
2024-05-24T10:15:56.624+0300 [DEBUG] [org.gradle.internal.remote.internal.inet.InetAddresses] Is this a loopback interface? false
2024-05-24T10:15:56.625+0300 [DEBUG] [org.gradle.internal.remote.internal.inet.InetAddresses] Adding IP addresses for network interface Microsoft IP-HTTPS Platform Adapter
2024-05-24T10:15:56.628+0300 [DEBUG] [org.gradle.internal.remote.internal.inet.InetAddresses] Is this a loopback interface? false
2024-05-24T10:15:56.629+0300 [DEBUG] [org.gradle.internal.remote.internal.inet.InetAddresses] Adding IP addresses for network interface WAN Miniport (PPTP)
2024-05-24T10:15:56.632+0300 [DEBUG] [org.gradle.internal.remote.internal.inet.InetAddresses] Is this a loopback interface? false
2024-05-24T10:15:56.632+0300 [DEBUG] [org.gradle.internal.remote.internal.inet.InetAddresses] Adding IP addresses for network interface WAN Miniport (Network Monitor)
2024-05-24T10:15:56.635+0300 [DEBUG] [org.gradle.internal.remote.internal.inet.InetAddresses] Is this a loopback interface? false
2024-05-24T10:15:56.635+0300 [DEBUG] [org.gradle.internal.remote.internal.inet.InetAddresses] Adding IP addresses for network interface WAN Miniport (L2TP)
2024-05-24T10:15:56.638+0300 [DEBUG] [org.gradle.internal.remote.internal.inet.InetAddresses] Is this a loopback interface? false
2024-05-24T10:15:56.638+0300 [DEBUG] [org.gradle.internal.remote.internal.inet.InetAddresses] Adding IP addresses for network interface WAN Miniport (IKEv2)
2024-05-24T10:15:56.641+0300 [DEBUG] [org.gradle.internal.remote.internal.inet.InetAddresses] Is this a loopback interface? false
2024-05-24T10:15:56.642+0300 [DEBUG] [org.gradle.internal.remote.internal.inet.InetAddresses] Adding IP addresses for network interface Microsoft Kernel Debug Network Adapter
2024-05-24T10:15:56.644+0300 [DEBUG] [org.gradle.internal.remote.internal.inet.InetAddresses] Is this a loopback interface? false
2024-05-24T10:15:56.645+0300 [DEBUG] [org.gradle.internal.remote.internal.inet.InetAddresses] Adding IP addresses for network interface Microsoft Teredo Tunneling Adapter
2024-05-24T10:15:56.647+0300 [DEBUG] [org.gradle.internal.remote.internal.inet.InetAddresses] Is this a loopback interface? false
2024-05-24T10:15:56.648+0300 [DEBUG] [org.gradle.internal.remote.internal.inet.InetAddresses] Adding IP addresses for network interface Realtek PCIe GbE Family Controller
2024-05-24T10:15:56.650+0300 [DEBUG] [org.gradle.internal.remote.internal.inet.InetAddresses] Is this a loopback interface? false
2024-05-24T10:15:56.650+0300 [DEBUG] [org.gradle.internal.remote.internal.inet.InetAddresses] Adding remote address /fe80:0:0:0:4e96:d9cf:8224:b584%eth3
2024-05-24T10:15:56.651+0300 [DEBUG] [org.gradle.internal.remote.internal.inet.InetAddresses] Adding IP addresses for network interface Microsoft Wi-Fi Direct Virtual Adapter #2
2024-05-24T10:15:56.654+0300 [DEBUG] [org.gradle.internal.remote.internal.inet.InetAddresses] Is this a loopback interface? false
2024-05-24T10:15:56.655+0300 [DEBUG] [org.gradle.internal.remote.internal.inet.InetAddresses] Adding remote address /192.168.137.1
2024-05-24T10:15:56.655+0300 [DEBUG] [org.gradle.internal.remote.internal.inet.InetAddresses] Adding remote address /fe80:0:0:0:448d:36f:fa02:2fb5%wlan0
2024-05-24T10:15:56.655+0300 [DEBUG] [org.gradle.internal.remote.internal.inet.InetAddresses] Adding IP addresses for network interface WAN Miniport (IPv6)
2024-05-24T10:15:56.659+0300 [DEBUG] [org.gradle.internal.remote.internal.inet.InetAddresses] Is this a loopback interface? false
2024-05-24T10:15:56.659+0300 [DEBUG] [org.gradle.internal.remote.internal.inet.InetAddresses] Adding IP addresses for network interface WAN Miniport (PPPOE)
2024-05-24T10:15:56.662+0300 [DEBUG] [org.gradle.internal.remote.internal.inet.InetAddresses] Is this a loopback interface? false
2024-05-24T10:15:56.663+0300 [DEBUG] [org.gradle.internal.remote.internal.inet.InetAddresses] Adding IP addresses for network interface Bluetooth Device (Personal Area Network)
2024-05-24T10:15:56.666+0300 [DEBUG] [org.gradle.internal.remote.internal.inet.InetAddresses] Is this a loopback interface? false
2024-05-24T10:15:56.666+0300 [DEBUG] [org.gradle.internal.remote.internal.inet.InetAddresses] Adding remote address /fe80:0:0:0:eadb:fcb6:c2b9:9cce%eth5
2024-05-24T10:15:56.666+0300 [DEBUG] [org.gradle.internal.remote.internal.inet.InetAddresses] Adding IP addresses for network interface Microsoft Wi-Fi Direct Virtual Adapter
2024-05-24T10:15:56.669+0300 [DEBUG] [org.gradle.internal.remote.internal.inet.InetAddresses] Is this a loopback interface? false
2024-05-24T10:15:56.670+0300 [DEBUG] [org.gradle.internal.remote.internal.inet.InetAddresses] Adding remote address /fe80:0:0:0:e75b:570a:b085:a4f1%wlan1
2024-05-24T10:15:56.670+0300 [DEBUG] [org.gradle.internal.remote.internal.inet.InetAddresses] Adding IP addresses for network interface Realtek RTL8821CE 802.11ac PCIe Adapter
2024-05-24T10:15:56.672+0300 [DEBUG] [org.gradle.internal.remote.internal.inet.InetAddresses] Is this a loopback interface? false
2024-05-24T10:15:56.673+0300 [DEBUG] [org.gradle.internal.remote.internal.inet.InetAddresses] Adding remote address /192.168.45.210
2024-05-24T10:15:56.673+0300 [DEBUG] [org.gradle.internal.remote.internal.inet.InetAddresses] Adding remote address /fe80:0:0:0:c741:168b:63aa:5fb3%wlan2
2024-05-24T10:15:56.673+0300 [DEBUG] [org.gradle.internal.remote.internal.inet.InetAddresses] Adding IP addresses for network interface Realtek PCIe GbE Family Controller-WFP Native MAC Layer LightWeight Filter-0000
2024-05-24T10:15:56.677+0300 [DEBUG] [org.gradle.internal.remote.internal.inet.InetAddresses] Is this a loopback interface? false
2024-05-24T10:15:56.677+0300 [DEBUG] [org.gradle.internal.remote.internal.inet.InetAddresses] Adding IP addresses for network interface Realtek PCIe GbE Family Controller-QoS Packet Scheduler-0000
2024-05-24T10:15:56.680+0300 [DEBUG] [org.gradle.internal.remote.internal.inet.InetAddresses] Is this a loopback interface? false
2024-05-24T10:15:56.681+0300 [DEBUG] [org.gradle.internal.remote.internal.inet.InetAddresses] Adding IP addresses for network interface Realtek PCIe GbE Family Controller-WFP 802.3 MAC Layer LightWeight Filter-0000
2024-05-24T10:15:56.683+0300 [DEBUG] [org.gradle.internal.remote.internal.inet.InetAddresses] Is this a loopback interface? false
2024-05-24T10:15:56.684+0300 [DEBUG] [org.gradle.internal.remote.internal.inet.InetAddresses] Adding IP addresses for network interface Realtek RTL8821CE 802.11ac PCIe Adapter-WFP Native MAC Layer LightWeight Filter-0000
2024-05-24T10:15:56.686+0300 [DEBUG] [org.gradle.internal.remote.internal.inet.InetAddresses] Is this a loopback interface? false
2024-05-24T10:15:56.687+0300 [DEBUG] [org.gradle.internal.remote.internal.inet.InetAddresses] Adding IP addresses for network interface Realtek RTL8821CE 802.11ac PCIe Adapter-Virtual WiFi Filter Driver-0000
2024-05-24T10:15:56.689+0300 [DEBUG] [org.gradle.internal.remote.internal.inet.InetAddresses] Is this a loopback interface? false
2024-05-24T10:15:56.689+0300 [DEBUG] [org.gradle.internal.remote.internal.inet.InetAddresses] Adding IP addresses for network interface Realtek RTL8821CE 802.11ac PCIe Adapter-Native WiFi Filter Driver-0000
2024-05-24T10:15:56.692+0300 [DEBUG] [org.gradle.internal.remote.internal.inet.InetAddresses] Is this a loopback interface? false
2024-05-24T10:15:56.692+0300 [DEBUG] [org.gradle.internal.remote.internal.inet.InetAddresses] Adding IP addresses for network interface Realtek RTL8821CE 802.11ac PCIe Adapter-QoS Packet Scheduler-0000
2024-05-24T10:15:56.694+0300 [DEBUG] [org.gradle.internal.remote.internal.inet.InetAddresses] Is this a loopback interface? false
2024-05-24T10:15:56.695+0300 [DEBUG] [org.gradle.internal.remote.internal.inet.InetAddresses] Adding IP addresses for network interface Realtek RTL8821CE 802.11ac PCIe Adapter-WFP 802.3 MAC Layer LightWeight Filter-0000
2024-05-24T10:15:56.697+0300 [DEBUG] [org.gradle.internal.remote.internal.inet.InetAddresses] Is this a loopback interface? false
2024-05-24T10:15:56.698+0300 [DEBUG] [org.gradle.internal.remote.internal.inet.InetAddresses] Adding IP addresses for network interface Microsoft Wi-Fi Direct Virtual Adapter-WFP Native MAC Layer LightWeight Filter-0000
2024-05-24T10:15:56.700+0300 [DEBUG] [org.gradle.internal.remote.internal.inet.InetAddresses] Is this a loopback interface? false
2024-05-24T10:15:56.701+0300 [DEBUG] [org.gradle.internal.remote.internal.inet.InetAddresses] Adding IP addresses for network interface Microsoft Wi-Fi Direct Virtual Adapter-Native WiFi Filter Driver-0000
2024-05-24T10:15:56.703+0300 [DEBUG] [org.gradle.internal.remote.internal.inet.InetAddresses] Is this a loopback interface? false
2024-05-24T10:15:56.703+0300 [DEBUG] [org.gradle.internal.remote.internal.inet.InetAddresses] Adding IP addresses for network interface Microsoft Wi-Fi Direct Virtual Adapter-QoS Packet Scheduler-0000
2024-05-24T10:15:56.707+0300 [DEBUG] [org.gradle.internal.remote.internal.inet.InetAddresses] Is this a loopback interface? false
2024-05-24T10:15:56.707+0300 [DEBUG] [org.gradle.internal.remote.internal.inet.InetAddresses] Adding IP addresses for network interface Microsoft Wi-Fi Direct Virtual Adapter-WFP 802.3 MAC Layer LightWeight Filter-0000
2024-05-24T10:15:56.710+0300 [DEBUG] [org.gradle.internal.remote.internal.inet.InetAddresses] Is this a loopback interface? false
2024-05-24T10:15:56.711+0300 [DEBUG] [org.gradle.internal.remote.internal.inet.InetAddresses] Adding IP addresses for network interface Microsoft Wi-Fi Direct Virtual Adapter #2-WFP Native MAC Layer LightWeight Filter-0000
2024-05-24T10:15:56.713+0300 [DEBUG] [org.gradle.internal.remote.internal.inet.InetAddresses] Is this a loopback interface? false
2024-05-24T10:15:56.713+0300 [DEBUG] [org.gradle.internal.remote.internal.inet.InetAddresses] Adding IP addresses for network interface Microsoft Wi-Fi Direct Virtual Adapter #2-Native WiFi Filter Driver-0000
2024-05-24T10:15:56.716+0300 [DEBUG] [org.gradle.internal.remote.internal.inet.InetAddresses] Is this a loopback interface? false
2024-05-24T10:15:56.716+0300 [DEBUG] [org.gradle.internal.remote.internal.inet.InetAddresses] Adding IP addresses for network interface Microsoft Wi-Fi Direct Virtual Adapter #2-QoS Packet Scheduler-0000
2024-05-24T10:15:56.718+0300 [DEBUG] [org.gradle.internal.remote.internal.inet.InetAddresses] Is this a loopback interface? false
2024-05-24T10:15:56.719+0300 [DEBUG] [org.gradle.internal.remote.internal.inet.InetAddresses] Adding IP addresses for network interface Microsoft Wi-Fi Direct Virtual Adapter #2-WFP 802.3 MAC Layer LightWeight Filter-0000
2024-05-24T10:15:56.722+0300 [DEBUG] [org.gradle.internal.remote.internal.inet.InetAddresses] Is this a loopback interface? false
2024-05-24T10:15:56.723+0300 [DEBUG] [org.gradle.internal.remote.internal.inet.InetAddresses] Adding IP addresses for network interface WAN Miniport (IP)-WFP Native MAC Layer LightWeight Filter-0000
2024-05-24T10:15:56.727+0300 [DEBUG] [org.gradle.internal.remote.internal.inet.InetAddresses] Is this a loopback interface? false
2024-05-24T10:15:56.728+0300 [DEBUG] [org.gradle.internal.remote.internal.inet.InetAddresses] Adding IP addresses for network interface WAN Miniport (IP)-QoS Packet Scheduler-0000
2024-05-24T10:15:56.731+0300 [DEBUG] [org.gradle.internal.remote.internal.inet.InetAddresses] Is this a loopback interface? false
2024-05-24T10:15:56.731+0300 [DEBUG] [org.gradle.internal.remote.internal.inet.InetAddresses] Adding IP addresses for network interface WAN Miniport (IPv6)-WFP Native MAC Layer LightWeight Filter-0000
2024-05-24T10:15:56.734+0300 [DEBUG] [org.gradle.internal.remote.internal.inet.InetAddresses] Is this a loopback interface? false
2024-05-24T10:15:56.734+0300 [DEBUG] [org.gradle.internal.remote.internal.inet.InetAddresses] Adding IP addresses for network interface WAN Miniport (IPv6)-QoS Packet Scheduler-0000
2024-05-24T10:15:56.737+0300 [DEBUG] [org.gradle.internal.remote.internal.inet.InetAddresses] Is this a loopback interface? false
2024-05-24T10:15:56.737+0300 [DEBUG] [org.gradle.internal.remote.internal.inet.InetAddresses] Adding IP addresses for network interface WAN Miniport (Network Monitor)-WFP Native MAC Layer LightWeight Filter-0000
2024-05-24T10:15:56.740+0300 [DEBUG] [org.gradle.internal.remote.internal.inet.InetAddresses] Is this a loopback interface? false
2024-05-24T10:15:56.740+0300 [DEBUG] [org.gradle.internal.remote.internal.inet.InetAddresses] Adding IP addresses for network interface WAN Miniport (Network Monitor)-QoS Packet Scheduler-0000
2024-05-24T10:15:56.743+0300 [DEBUG] [org.gradle.internal.remote.internal.inet.InetAddresses] Is this a loopback interface? false
2024-05-24T10:15:56.752+0300 [DEBUG] [org.gradle.internal.remote.internal.inet.TcpIncomingConnector] Listening on [1b2df79c-a091-4491-b690-b39299c21c85 port:58340, addresses:[localhost/127.0.0.1]].
2024-05-24T10:15:56.780+0300 [DEBUG] [org.gradle.launcher.daemon.server.Daemon] Daemon starting at: Fri May 24 10:15:56 EAT 2024, with address: [1b2df79c-a091-4491-b690-b39299c21c85 port:58340, addresses:[localhost/127.0.0.1]]
2024-05-24T10:15:56.780+0300 [INFO] [org.gradle.launcher.daemon.server.DaemonRegistryUpdater] Advertising the daemon address to the clients: [1b2df79c-a091-4491-b690-b39299c21c85 port:58340, addresses:[localhost/127.0.0.1]]
2024-05-24T10:15:56.780+0300 [DEBUG] [org.gradle.launcher.daemon.server.DaemonRegistryUpdater] Advertised daemon context: DefaultDaemonContext[uid=400efe23-c5c9-45ef-8493-bfe991d79b2e,javaHome=C:\Program Files\Android\Android Studio\jbr,daemonRegistryDir=C:\Users\zantr\AndroidStudioProjects\OD21-mobile-app-dev-SyncVision\daemon,pid=7376,idleTimeout=10800000,priority=NORMAL,applyInstrumentationAgent=true,daemonOpts=--add-opens=java.base/java.util=ALL-UNNAMED,--add-opens=java.base/java.lang=ALL-UNNAMED,--add-opens=java.base/java.lang.invoke=ALL-UNNAMED,--add-opens=java.prefs/java.util.prefs=ALL-UNNAMED,--add-opens=java.base/java.nio.charset=ALL-UNNAMED,--add-opens=java.base/java.net=ALL-UNNAMED,--add-opens=java.base/java.util.concurrent.atomic=ALL-UNNAMED,-Xmx2048m,-Dfile.encoding=UTF-8,-Duser.country=US,-Duser.language=en,-Duser.variant]
2024-05-24T10:15:56.781+0300 [DEBUG] [org.gradle.launcher.daemon.registry.PersistentDaemonRegistry] Storing daemon address: [1b2df79c-a091-4491-b690-b39299c21c85 port:58340, addresses:[localhost/127.0.0.1]], context: DefaultDaemonContext[uid=400efe23-c5c9-45ef-8493-bfe991d79b2e,javaHome=C:\Program Files\Android\Android Studio\jbr,daemonRegistryDir=C:\Users\zantr\AndroidStudioProjects\OD21-mobile-app-dev-SyncVision\daemon,pid=7376,idleTimeout=10800000,priority=NORMAL,applyInstrumentationAgent=true,daemonOpts=--add-opens=java.base/java.util=ALL-UNNAMED,--add-opens=java.base/java.lang=ALL-UNNAMED,--add-opens=java.base/java.lang.invoke=ALL-UNNAMED,--add-opens=java.prefs/java.util.prefs=ALL-UNNAMED,--add-opens=java.base/java.nio.charset=ALL-UNNAMED,--add-opens=java.base/java.net=ALL-UNNAMED,--add-opens=java.base/java.util.concurrent.atomic=ALL-UNNAMED,-Xmx2048m,-Dfile.encoding=UTF-8,-Duser.country=US,-Duser.language=en,-Duser.variant]
2024-05-24T10:15:56.796+0300 [DEBUG] [org.gradle.cache.internal.DefaultFileLockManager] Waiting to acquire exclusive lock on daemon addresses registry.
2024-05-24T10:15:56.801+0300 [DEBUG] [org.gradle.cache.internal.DefaultFileLockManager] Lock acquired on daemon addresses registry.
2024-05-24T10:15:56.809+0300 [DEBUG] [org.gradle.cache.internal.DefaultFileLockManager] Releasing lock on daemon addresses registry.
2024-05-24T10:15:56.810+0300 [LIFECYCLE] [org.gradle.launcher.daemon.server.Daemon] Daemon server started.
2024-05-24T10:15:56.811+0300 [DEBUG] [org.gradle.launcher.daemon.bootstrap.DaemonStartupCommunication] Completed writing the daemon greeting. Closing streams...
2024-05-24T10:15:56.822+0300 [DEBUG] [org.gradle.internal.remote.internal.inet.TcpIncomingConnector] Accepted connection from /127.0.0.1:58341 to /127.0.0.1:58340.
2024-05-24T10:15:56.832+0300 [DEBUG] [org.gradle.launcher.daemon.server.Daemon] stopOnExpiration() called on daemon
2024-05-24T10:15:56.834+0300 [DEBUG] [org.gradle.launcher.daemon.server.Daemon] awaitExpiration() called on daemon
2024-05-24T10:15:56.835+0300 [DEBUG] [org.gradle.launcher.daemon.server.DaemonStateCoordinator] daemon is running. Sleeping until state changes.
2024-05-24T10:15:57.162+0300 [DEBUG] [org.gradle.launcher.daemon.server.SynchronizedDispatchConnection] thread 21: received class org.gradle.launcher.daemon.protocol.Build
2024-05-24T10:15:57.186+0300 [DEBUG] [org.gradle.launcher.daemon.server.DefaultDaemonConnection] thread 21: Received non-IO message from client: Build{id=663a687f-e6e5-4dca-a297-2d36cafb6497, currentDir=C:\Users\zantr\AndroidStudioProjects\OD21-mobile-app-dev-SyncVision}
2024-05-24T10:15:57.187+0300 [INFO] [org.gradle.launcher.daemon.server.DefaultIncomingConnectionHandler] Received command: Build{id=663a687f-e6e5-4dca-a297-2d36cafb6497, currentDir=C:\Users\zantr\AndroidStudioProjects\OD21-mobile-app-dev-SyncVision}.
2024-05-24T10:15:57.187+0300 [DEBUG] [org.gradle.launcher.daemon.server.DefaultIncomingConnectionHandler] Starting executing command: Build{id=663a687f-e6e5-4dca-a297-2d36cafb6497, currentDir=C:\Users\zantr\AndroidStudioProjects\OD21-mobile-app-dev-SyncVision} with connection: socket connection from /127.0.0.1:58340 to /127.0.0.1:58341.
2024-05-24T10:15:57.194+0300 [DEBUG] [org.gradle.launcher.daemon.server.DaemonStateCoordinator] Command execution: started DaemonCommandExecution[command = Build{id=663a687f-e6e5-4dca-a297-2d36cafb6497, currentDir=C:\Users\zantr\AndroidStudioProjects\OD21-mobile-app-dev-SyncVision}, connection = DefaultDaemonConnection: socket connection from /127.0.0.1:58340 to /127.0.0.1:58341] after 0.0 minutes of idle
2024-05-24T10:15:57.194+0300 [INFO] [org.gradle.launcher.daemon.server.DaemonRegistryUpdater] Marking the daemon as busy, address: [1b2df79c-a091-4491-b690-b39299c21c85 port:58340, addresses:[localhost/127.0.0.1]]
2024-05-24T10:15:57.195+0300 [DEBUG] [org.gradle.launcher.daemon.registry.PersistentDaemonRegistry] Marking busy by address: [1b2df79c-a091-4491-b690-b39299c21c85 port:58340, addresses:[localhost/127.0.0.1]]
2024-05-24T10:15:57.202+0300 [DEBUG] [org.gradle.cache.internal.DefaultFileLockManager] Waiting to acquire exclusive lock on daemon addresses registry.
2024-05-24T10:15:57.203+0300 [DEBUG] [org.gradle.cache.internal.DefaultFileLockManager] Lock acquired on daemon addresses registry.
2024-05-24T10:15:57.215+0300 [DEBUG] [org.gradle.cache.internal.DefaultFileLockManager] Releasing lock on daemon addresses registry.
2024-05-24T10:15:57.216+0300 [DEBUG] [org.gradle.launcher.daemon.server.DaemonStateCoordinator] resetting idle timer
2024-05-24T10:15:57.216+0300 [DEBUG] [org.gradle.launcher.daemon.server.DaemonStateCoordinator] daemon is running. Sleeping until state changes.
2024-05-24T10:15:57.218+0300 [INFO] [org.gradle.launcher.daemon.server.exec.StartBuildOrRespondWithBusy] Daemon is about to start building Build{id=663a687f-e6e5-4dca-a297-2d36cafb6497, currentDir=C:\Users\zantr\AndroidStudioProjects\OD21-mobile-app-dev-SyncVision}. Dispatching build started information...
2024-05-24T10:15:57.220+0300 [DEBUG] [org.gradle.launcher.daemon.server.SynchronizedDispatchConnection] thread 23: dispatching org.gradle.launcher.daemon.protocol.BuildStarted@3dbc173b
2024-05-24T10:15:57.225+0300 [DEBUG] [org.gradle.launcher.daemon.server.SynchronizedDispatchConnection] thread 21: received class org.gradle.launcher.daemon.protocol.CloseInput
2024-05-24T10:15:57.225+0300 [DEBUG] [org.gradle.launcher.daemon.server.DefaultDaemonConnection] thread 21: Received IO message from client: org.gradle.launcher.daemon.protocol.CloseInput@6384b719
2024-05-24T10:15:57.229+0300 [DEBUG] [org.gradle.launcher.daemon.server.exec.EstablishBuildEnvironment] Configuring env variables: [USERDOMAIN_ROAMINGPROFILE, LOCALAPPDATA, PROCESSOR_LEVEL, USERDOMAIN, LOGONSERVER, FPS_BROWSER_APP_PROFILE_STRING, SESSIONNAME, ALLUSERSPROFILE, PROCESSOR_ARCHITECTURE, PSModulePath, SystemDrive, OneDrive, APPDATA, EFC_16424, USERNAME, ProgramFiles(x86), CommonProgramFiles, Path, FPS_BROWSER_USER_PROFILE_STRING, PATHEXT, DriverData, OS, OneDriveConsumer, COMPUTERNAME, PROCESSOR_REVISION, CommonProgramW6432, ComSpec, ProgramData, ProgramW6432, TEMP, HOMEPATH, SystemRoot, PROCESSOR_IDENTIFIER, HOMEDRIVE, USERPROFILE, TMP, CommonProgramFiles(x86), ProgramFiles, PUBLIC, windir, NUMBER_OF_PROCESSORS, =::, IDEA_INITIAL_DIRECTORY]
2024-05-24T10:15:57.258+0300 [DEBUG] [org.gradle.launcher.daemon.server.exec.LogToClient] About to start relaying all logs to the client via the connection.
2024-05-24T10:15:57.258+0300 [INFO] [org.gradle.launcher.daemon.server.exec.LogToClient] The client will now receive all logging from the daemon (pid: 7376). The daemon log file: C:\Users\zantr\AndroidStudioProjects\OD21-mobile-app-dev-SyncVision\daemon\8.4\daemon-7376.out.log
2024-05-24T10:15:57.271+0300 [INFO] [org.gradle.launcher.daemon.server.exec.LogAndCheckHealth] Starting build in new daemon [memory: 2 GiB]
2024-05-24T10:15:57.275+0300 [INFO] [org.gradle.launcher.daemon.server.exec.ForwardClientInput] Closing daemon's stdin at end of input.
2024-05-24T10:15:57.279+0300 [INFO] [org.gradle.launcher.daemon.server.exec.ForwardClientInput] The daemon will no longer process any standard input.
2024-05-24T10:15:57.291+0300 [DEBUG] [org.gradle.launcher.daemon.server.exec.ExecuteBuild] The daemon has started executing the build.
2024-05-24T10:15:57.292+0300 [DEBUG] [org.gradle.launcher.daemon.server.exec.ExecuteBuild] Executing build with daemon context: DefaultDaemonContext[uid=400efe23-c5c9-45ef-8493-bfe991d79b2e,javaHome=C:\Program Files\Android\Android Studio\jbr,daemonRegistryDir=C:\Users\zantr\AndroidStudioProjects\OD21-mobile-app-dev-SyncVision\daemon,pid=7376,idleTimeout=10800000,priority=NORMAL,applyInstrumentationAgent=true,daemonOpts=--add-opens=java.base/java.util=ALL-UNNAMED,--add-opens=java.base/java.lang=ALL-UNNAMED,--add-opens=java.base/java.lang.invoke=ALL-UNNAMED,--add-opens=java.prefs/java.util.prefs=ALL-UNNAMED,--add-opens=java.base/java.nio.charset=ALL-UNNAMED,--add-opens=java.base/java.net=ALL-UNNAMED,--add-opens=java.base/java.util.concurrent.atomic=ALL-UNNAMED,-Xmx2048m,-Dfile.encoding=UTF-8,-Duser.country=US,-Duser.language=en,-Duser.variant]

BUILD SUCCESSFUL in 14m 37s
2024-05-24T10:30:21.216+0300 [DEBUG] [org.gradle.launcher.daemon.server.exec.ExecuteBuild] The daemon has finished executing the build.
2024-05-24T10:30:21.535+0300 [DEBUG] [org.gradle.process.internal.health.memory.DefaultMemoryManager] 638249779 physical memory requested, 394383360 free
2024-05-24T10:30:21.536+0300 [DEBUG] [org.gradle.workers.internal.WorkerDaemonExpiration] Will attempt to release 608 of memory
2024-05-24T10:30:21.536+0300 [DEBUG] [org.gradle.process.internal.health.memory.DefaultMemoryManager] 638249779 physical memory requested, 0 released, 394383360 free
2024-05-24T10:30:21.544+0300 [DEBUG] [org.gradle.launcher.daemon.server.DaemonStateCoordinator] daemon is running. Sleeping until state changes.
2024-05-24T10:30:21.545+0300 [DEBUG] [org.gradle.launcher.daemon.server.DaemonStateCoordinator] Command execution: finished waiting for DaemonCommandExecution[command = Build{id=663a687f-e6e5-4dca-a297-2d36cafb6497, currentDir=C:\Users\zantr\AndroidStudioProjects\OD21-mobile-app-dev-SyncVision}, connection = DefaultDaemonConnection: socket connection from /127.0.0.1:58340 to /127.0.0.1:58341]. Result org.gradle.launcher.daemon.server.DaemonStateCoordinator@65e38f50 with state Busy
2024-05-24T10:30:21.545+0300 [DEBUG] [org.gradle.launcher.daemon.server.DaemonStateCoordinator] Command execution: completed DaemonCommandExecution[command = Build{id=663a687f-e6e5-4dca-a297-2d36cafb6497, currentDir=C:\Users\zantr\AndroidStudioProjects\OD21-mobile-app-dev-SyncVision}, connection = DefaultDaemonConnection: socket connection from /127.0.0.1:58340 to /127.0.0.1:58341]
2024-05-24T10:30:21.545+0300 [DEBUG] [org.gradle.launcher.daemon.server.DaemonStateCoordinator] resetting idle timer
2024-05-24T10:30:21.605+0300 [INFO] [org.gradle.launcher.daemon.server.DaemonRegistryUpdater] Marking the daemon as idle, address: [1b2df79c-a091-4491-b690-b39299c21c85 port:58340, addresses:[localhost/127.0.0.1]]
2024-05-24T10:30:21.614+0300 [DEBUG] [org.gradle.launcher.daemon.registry.PersistentDaemonRegistry] Marking busy by address: [1b2df79c-a091-4491-b690-b39299c21c85 port:58340, addresses:[localhost/127.0.0.1]]
2024-05-24T10:30:21.616+0300 [DEBUG] [org.gradle.cache.internal.DefaultFileLockManager] Waiting to acquire exclusive lock on daemon addresses registry.
2024-05-24T10:30:21.617+0300 [DEBUG] [org.gradle.cache.internal.DefaultFileLockManager] Lock acquired on daemon addresses registry.
2024-05-24T10:30:21.618+0300 [DEBUG] [org.gradle.cache.internal.DefaultFileLockManager] Releasing lock on daemon addresses registry.
2024-05-24T10:30:21.619+0300 [DEBUG] [org.gradle.launcher.daemon.server.DaemonStateCoordinator] daemon is running. Sleeping until state changes.
2024-05-24T10:30:21.619+0300 [DEBUG] [org.gradle.launcher.daemon.server.exec.ReturnResult] Daemon is dispatching the build result: Success[value=org.gradle.launcher.exec.BuildActionResult@7b250403]
2024-05-24T10:30:21.619+0300 [DEBUG] [org.gradle.launcher.daemon.server.SynchronizedDispatchConnection] thread 20: dispatching Success[value=org.gradle.launcher.exec.BuildActionResult@7b250403]
2024-05-24T10:30:21.628+0300 [DEBUG] [org.gradle.launcher.daemon.server.DefaultIncomingConnectionHandler] Finishing executing command: Build{id=663a687f-e6e5-4dca-a297-2d36cafb6497, currentDir=C:\Users\zantr\AndroidStudioProjects\OD21-mobile-app-dev-SyncVision}
2024-05-24T10:30:23.592+0300 [DEBUG] [org.gradle.launcher.daemon.server.SynchronizedDispatchConnection] thread 21: received class org.gradle.launcher.daemon.protocol.Finished
2024-05-24T10:30:23.592+0300 [DEBUG] [org.gradle.launcher.daemon.server.DefaultDaemonConnection] thread 21: Received non-IO message from client: org.gradle.launcher.daemon.protocol.Finished@54d6436a
2024-05-24T10:30:23.593+0300 [DEBUG] [org.gradle.launcher.daemon.server.DefaultIncomingConnectionHandler] Received finished message: org.gradle.launcher.daemon.protocol.Finished@54d6436a
2024-05-24T10:30:23.593+0300 [DEBUG] [org.gradle.launcher.daemon.server.SynchronizedDispatchConnection] thread 20: stopping connection
2024-05-24T10:30:23.594+0300 [DEBUG] [org.gradle.internal.remote.internal.inet.SocketConnection] Discarding EOFException: java.io.EOFException
2024-05-24T10:30:23.594+0300 [DEBUG] [org.gradle.launcher.daemon.server.SynchronizedDispatchConnection] thread 21: received null
2024-05-24T10:30:23.594+0300 [DEBUG] [org.gradle.launcher.daemon.server.DefaultDaemonConnection] thread 21: Received end-of-input from client.
2024-05-24T10:30:23.858+0300 [DEBUG] [org.gradle.launcher.daemon.server.SynchronizedDispatchConnection] thread 20: stopping connection
2024-05-24T10:30:26.537+0300 [DEBUG] [org.gradle.process.internal.health.memory.DefaultMemoryManager] 638249779 physical memory requested, 394145792 free
2024-05-24T10:30:26.537+0300 [DEBUG] [org.gradle.workers.internal.WorkerDaemonExpiration] Will attempt to release 608 of memory
2024-05-24T10:30:26.537+0300 [DEBUG] [org.gradle.process.internal.health.memory.DefaultMemoryManager] 638249779 physical memory requested, 0 released, 394145792 free
2024-05-24T10:30:26.860+0300 [DEBUG] [org.gradle.cache.internal.DefaultFileLockManager] Waiting to acquire shared lock on daemon addresses registry.
2024-05-24T10:30:26.860+0300 [DEBUG] [org.gradle.cache.internal.DefaultFileLockManager] Lock acquired on daemon addresses registry.
2024-05-24T10:30:26.861+0300 [DEBUG] [org.gradle.cache.internal.DefaultFileLockManager] Releasing lock on daemon addresses registry.
2024-05-24T10:30:26.862+0300 [DEBUG] [org.gradle.cache.internal.DefaultFileLockManager] Waiting to acquire shared lock on daemon addresses registry.
2024-05-24T10:30:26.863+0300 [DEBUG] [org.gradle.cache.internal.DefaultFileLockManager] Lock acquired on daemon addresses registry.
2024-05-24T10:30:26.863+0300 [DEBUG] [org.gradle.cache.internal.DefaultFileLockManager] Releasing lock on daemon addresses registry.
2024-05-24T10:30:31.536+0300 [DEBUG] [org.gradle.process.internal.health.memory.DefaultMemoryManager] 638249779 physical memory requested, 378753024 free
2024-05-24T10:30:31.536+0300 [DEBUG] [org.gradle.workers.internal.WorkerDaemonExpiration] Will attempt to release 608 of memory
2024-05-24T10:30:31.536+0300 [DEBUG] [org.gradle.process.internal.health.memory.DefaultMemoryManager] 638249779 physical memory requested, 0 released, 378753024 free
2024-05-24T10:30:36.526+0300 [DEBUG] [org.gradle.process.internal.health.memory.DefaultMemoryManager] 638249779 physical memory requested, 347492352 free
2024-05-24T10:30:36.526+0300 [DEBUG] [org.gradle.workers.internal.WorkerDaemonExpiration] Will attempt to release 608 of memory
2024-05-24T10:30:36.526+0300 [DEBUG] [org.gradle.process.internal.health.memory.DefaultMemoryManager] 638249779 physical memory requested, 0 released, 347492352 free
2024-05-24T10:30:36.862+0300 [DEBUG] [org.gradle.cache.internal.DefaultFileLockManager] Waiting to acquire shared lock on daemon addresses registry.
2024-05-24T10:30:36.862+0300 [DEBUG] [org.gradle.cache.internal.DefaultFileLockManager] Lock acquired on daemon addresses registry.
2024-05-24T10:30:36.863+0300 [DEBUG] [org.gradle.cache.internal.DefaultFileLockManager] Releasing lock on daemon addresses registry.
2024-05-24T10:30:36.864+0300 [DEBUG] [org.gradle.cache.internal.DefaultFileLockManager] Waiting to acquire shared lock on daemon addresses registry.
2024-05-24T10:30:36.865+0300 [DEBUG] [org.gradle.cache.internal.DefaultFileLockManager] Lock acquired on daemon addresses registry.
2024-05-24T10:30:36.865+0300 [DEBUG] [org.gradle.cache.internal.DefaultFileLockManager] Releasing lock on daemon addresses registry.
2024-05-24T10:30:36.891+0300 [DEBUG] [org.gradle.cache.internal.DefaultFileLockManager] Waiting to acquire shared lock on daemon addresses registry.
2024-05-24T10:30:36.891+0300 [DEBUG] [org.gradle.cache.internal.DefaultFileLockManager] Lock acquired on daemon addresses registry.
2024-05-24T10:30:36.892+0300 [DEBUG] [org.gradle.cache.internal.DefaultFileLockManager] Releasing lock on daemon addresses registry.
2024-05-24T10:30:36.893+0300 [INFO] [org.gradle.launcher.daemon.server.health.LowMemoryDaemonExpirationStrategy] after free system physical memory (331.3 MiB) fell below threshold of 384 MiB
2024-05-24T10:30:36.894+0300 [DEBUG] [org.gradle.cache.internal.DefaultFileLockManager] Waiting to acquire shared lock on daemon addresses registry.
2024-05-24T10:30:36.894+0300 [DEBUG] [org.gradle.cache.internal.DefaultFileLockManager] Lock acquired on daemon addresses registry.
2024-05-24T10:30:36.895+0300 [DEBUG] [org.gradle.cache.internal.DefaultFileLockManager] Releasing lock on daemon addresses registry.
2024-05-24T10:30:36.895+0300 [DEBUG] [org.gradle.launcher.daemon.server.DaemonRegistryUpdater] Storing daemon stop event: other compatible daemons were started and after being idle for 0 minutes and not recently used and after being idle for 0 minutes and not recently used and to reclaim system physical memory
2024-05-24T10:30:36.895+0300 [DEBUG] [org.gradle.launcher.daemon.registry.PersistentDaemonRegistry] Storing daemon stop event with timestamp 1716535836893
2024-05-24T10:30:36.897+0300 [DEBUG] [org.gradle.cache.internal.DefaultFileLockManager] Waiting to acquire exclusive lock on daemon addresses registry.
2024-05-24T10:30:36.898+0300 [DEBUG] [org.gradle.cache.internal.DefaultFileLockManager] Lock acquired on daemon addresses registry.
2024-05-24T10:30:36.899+0300 [DEBUG] [org.gradle.cache.internal.DefaultFileLockManager] Releasing lock on daemon addresses registry.
2024-05-24T10:30:36.900+0300 [LIFECYCLE] [org.gradle.launcher.daemon.server.DaemonStateCoordinator] Daemon will be stopped at the end of the build other compatible daemons were started and after being idle for 0 minutes and not recently used and after being idle for 0 minutes and not recently used and to reclaim system physical memory
2024-05-24T10:30:36.900+0300 [DEBUG] [org.gradle.launcher.daemon.server.DaemonStateCoordinator] Marking daemon stopped due to other compatible daemons were started and after being idle for 0 minutes and not recently used and after being idle for 0 minutes and not recently used and to reclaim system physical memory. The daemon is running a build: false
2024-05-24T10:30:36.900+0300 [DEBUG] [org.gradle.launcher.daemon.server.DaemonStateCoordinator] daemon has stopped.
2024-05-24T10:30:36.900+0300 [DEBUG] [org.gradle.launcher.daemon.server.Daemon] stop() called on daemon
2024-05-24T10:30:36.900+0300 [INFO] [org.gradle.launcher.daemon.server.Daemon] Stop requested. Daemon is removing its presence from the registry...
2024-05-24T10:30:36.901+0300 [DEBUG] [org.gradle.launcher.daemon.server.DaemonRegistryUpdater] Removing our presence to clients, eg. removing this address from the registry: [1b2df79c-a091-4491-b690-b39299c21c85 port:58340, addresses:[localhost/127.0.0.1]]
2024-05-24T10:30:36.901+0300 [DEBUG] [org.gradle.launcher.daemon.registry.PersistentDaemonRegistry] Removing daemon address: [1b2df79c-a091-4491-b690-b39299c21c85 port:58340, addresses:[localhost/127.0.0.1]]
2024-05-24T10:30:36.903+0300 [DEBUG] [org.gradle.cache.internal.DefaultFileLockManager] Waiting to acquire exclusive lock on daemon addresses registry.
2024-05-24T10:30:36.903+0300 [DEBUG] [org.gradle.cache.internal.DefaultFileLockManager] Lock acquired on daemon addresses registry.
2024-05-24T10:30:36.905+0300 [DEBUG] [org.gradle.cache.internal.DefaultFileLockManager] Releasing lock on daemon addresses registry.
2024-05-24T10:30:36.906+0300 [DEBUG] [org.gradle.launcher.daemon.server.DaemonRegistryUpdater] Address removed from registry.
2024-05-24T10:30:37.296+0300 [DEBUG] [org.gradle.cache.internal.DefaultPersistentDirectoryStore] jars (C:\Users\zantr\AndroidStudioProjects\OD21-mobile-app-dev-SyncVision\caches\jars-9) has last been fully cleaned up 0 hours ago
2024-05-24T10:30:37.388+0300 [DEBUG] [org.gradle.cache.internal.DefaultPersistentDirectoryStore] Artifact transforms cache (C:\Users\zantr\AndroidStudioProjects\OD21-mobile-app-dev-SyncVision\caches\transforms-3) has last been fully cleaned up 0 hours ago
2024-05-24T10:30:37.389+0300 [DEBUG] [org.gradle.cache.internal.DefaultCacheCoordinator] Cache Artifact transforms cache (C:\Users\zantr\AndroidStudioProjects\OD21-mobile-app-dev-SyncVision\caches\transforms-3) was closed 10 times.
2024-05-24T10:30:38.586+0300 [DEBUG] [org.gradle.internal.watch.vfs.impl.WatchingVirtualFileSystem] Closing VFS, dropping state
2024-05-24T10:30:38.922+0300 [DEBUG] [org.gradle.cache.internal.DefaultCacheCoordinator] Cache Generated Gradle JARs cache (C:\Users\zantr\AndroidStudioProjects\OD21-mobile-app-dev-SyncVision\caches\8.4\generated-gradle-jars) was closed 0 times.
2024-05-24T10:30:38.922+0300 [DEBUG] [org.gradle.internal.watch.registry.impl.DefaultFileWatcherRegistry] Finished listening to file system change events
2024-05-24T10:30:38.923+0300 [DEBUG] [org.gradle.cache.internal.LockOnDemandCrossProcessCacheAccess] Releasing file lock for artifact cache (C:\Users\zantr\AndroidStudioProjects\OD21-mobile-app-dev-SyncVision\caches\modules-2)
2024-05-24T10:30:38.923+0300 [DEBUG] [org.gradle.cache.internal.btree.BTreePersistentIndexedCache] Closing cache module-artifact.bin (C:\Users\zantr\AndroidStudioProjects\OD21-mobile-app-dev-SyncVision\caches\modules-2\metadata-2.106\module-artifact.bin)
2024-05-24T10:30:38.962+0300 [DEBUG] [org.gradle.cache.internal.btree.BTreePersistentIndexedCache] Closing cache resource-at-url.bin (C:\Users\zantr\AndroidStudioProjects\OD21-mobile-app-dev-SyncVision\caches\modules-2\metadata-2.106\resource-at-url.bin)
2024-05-24T10:30:38.963+0300 [DEBUG] [org.gradle.cache.internal.DefaultFileLockManager] Releasing lock on artifact cache (C:\Users\zantr\AndroidStudioProjects\OD21-mobile-app-dev-SyncVision\caches\modules-2).
2024-05-24T10:30:38.964+0300 [DEBUG] [org.gradle.cache.internal.DefaultPersistentDirectoryStore] artifact cache (C:\Users\zantr\AndroidStudioProjects\OD21-mobile-app-dev-SyncVision\caches\modules-2) has last been fully cleaned up 0 hours ago
2024-05-24T10:30:38.964+0300 [DEBUG] [org.gradle.cache.internal.DefaultCacheCoordinator] Cache artifact cache (C:\Users\zantr\AndroidStudioProjects\OD21-mobile-app-dev-SyncVision\caches\modules-2) was closed 120 times.
2024-05-24T10:30:38.965+0300 [DEBUG] [org.gradle.cache.internal.LockOnDemandCrossProcessCacheAccess] Releasing file lock for journal cache (C:\Users\zantr\AndroidStudioProjects\OD21-mobile-app-dev-SyncVision\caches\journal-1)
2024-05-24T10:30:38.965+0300 [DEBUG] [org.gradle.cache.internal.btree.BTreePersistentIndexedCache] Closing cache file-access.bin (C:\Users\zantr\AndroidStudioProjects\OD21-mobile-app-dev-SyncVision\caches\journal-1\file-access.bin)
2024-05-24T10:30:38.966+0300 [DEBUG] [org.gradle.cache.internal.DefaultFileLockManager] Releasing lock on journal cache (C:\Users\zantr\AndroidStudioProjects\OD21-mobile-app-dev-SyncVision\caches\journal-1).
2024-05-24T10:30:38.966+0300 [DEBUG] [org.gradle.cache.internal.DefaultCacheCoordinator] Cache journal cache (C:\Users\zantr\AndroidStudioProjects\OD21-mobile-app-dev-SyncVision\caches\journal-1) was closed 68 times.
2024-05-24T10:30:38.967+0300 [DEBUG] [org.gradle.cache.internal.DefaultCacheCoordinator] Cache file hash cache (C:\Users\zantr\AndroidStudioProjects\OD21-mobile-app-dev-SyncVision\caches\8.4\fileHashes) was closed 12 times.
2024-05-24T10:30:38.967+0300 [DEBUG] [org.gradle.cache.internal.DefaultCacheCoordinator] Cache execution history cache (C:\Users\zantr\AndroidStudioProjects\OD21-mobile-app-dev-SyncVision\caches\8.4\executionHistory) was closed 11 times.
2024-05-24T10:30:39.091+0300 [DEBUG] [org.gradle.launcher.daemon.registry.PersistentDaemonRegistry] Removing daemon address: [1b2df79c-a091-4491-b690-b39299c21c85 port:58340, addresses:[localhost/127.0.0.1]]
2024-05-24T10:30:39.093+0300 [DEBUG] [org.gradle.cache.internal.DefaultFileLockManager] Waiting to acquire exclusive lock on daemon addresses registry.
2024-05-24T10:30:39.093+0300 [DEBUG] [org.gradle.cache.internal.DefaultFileLockManager] Lock acquired on daemon addresses registry.
2024-05-24T10:30:39.094+0300 [DEBUG] [org.gradle.cache.internal.DefaultFileLockManager] Releasing lock on daemon addresses registry.
Daemon vm is shutting down... The daemon has exited normally or was terminated in response to a user interrupt.
